TN:
SF:/Users/alex/code/javascript/IXWebApp/src/index.js
FNF:0
FNH:0
DA:17,0
DA:21,0
DA:37,0
LF:3
LH:0
BRF:0
BRH:0
end_of_record
TN:
SF:/Users/alex/code/javascript/IXWebApp/src/serviceWorker.js
FN:23,register
FN:34,(anonymous_1)
FN:43,(anonymous_2)
FN:57,registerValidSW
FN:60,(anonymous_4)
FN:61,(anonymous_5)
FN:66,(anonymous_6)
FN:96,(anonymous_7)
FN:101,checkValidServiceWorker
FN:104,(anonymous_9)
FN:112,(anonymous_10)
FN:113,(anonymous_11)
FN:122,(anonymous_12)
FN:129,unregister
FN:131,(anonymous_14)
FNF:15
FNH:0
FNDA:0,register
FNDA:0,(anonymous_1)
FNDA:0,(anonymous_2)
FNDA:0,registerValidSW
FNDA:0,(anonymous_4)
FNDA:0,(anonymous_5)
FNDA:0,(anonymous_6)
FNDA:0,(anonymous_7)
FNDA:0,checkValidServiceWorker
FNDA:0,(anonymous_9)
FNDA:0,(anonymous_10)
FNDA:0,(anonymous_11)
FNDA:0,(anonymous_12)
FNDA:0,unregister
FNDA:0,(anonymous_14)
DA:13,0
DA:24,0
DA:26,0
DA:27,0
DA:31,0
DA:34,0
DA:35,0
DA:37,0
DA:39,0
DA:43,0
DA:44,0
DA:51,0
DA:58,0
DA:61,0
DA:62,0
DA:63,0
DA:64,0
DA:66,0
DA:67,0
DA:68,0
DA:72,0
DA:78,0
DA:79,0
DA:85,0
DA:88,0
DA:89,0
DA:97,0
DA:103,0
DA:106,0
DA:107,0
DA:112,0
DA:113,0
DA:114,0
DA:119,0
DA:123,0
DA:130,0
DA:131,0
DA:132,0
LF:38
LH:0
BRDA:14,0,0,0
BRDA:14,0,1,0
BRDA:14,0,2,0
BRDA:24,1,0,0
BRDA:24,1,1,0
BRDA:24,2,0,0
BRDA:24,2,1,0
BRDA:27,3,0,0
BRDA:27,3,1,0
BRDA:37,4,0,0
BRDA:37,4,1,0
BRDA:63,5,0,0
BRDA:63,5,1,0
BRDA:67,6,0,0
BRDA:67,6,1,0
BRDA:68,7,0,0
BRDA:68,7,1,0
BRDA:78,8,0,0
BRDA:78,8,1,0
BRDA:78,9,0,0
BRDA:78,9,1,0
BRDA:88,10,0,0
BRDA:88,10,1,0
BRDA:88,11,0,0
BRDA:88,11,1,0
BRDA:107,12,0,0
BRDA:107,12,1,0
BRDA:108,13,0,0
BRDA:108,13,1,0
BRDA:108,13,2,0
BRDA:130,14,0,0
BRDA:130,14,1,0
BRF:32
BRH:0
end_of_record
TN:
SF:/Users/alex/code/javascript/IXWebApp/src/test-utils.tsx
FN:23,(anonymous_0)
FN:33,(anonymous_1)
FN:47,(anonymous_2)
FN:51,(anonymous_3)
FN:67,(anonymous_4)
FN:71,(anonymous_5)
FN:87,(anonymous_6)
FN:91,(anonymous_7)
FNF:8
FNH:8
FNDA:105,(anonymous_0)
FNDA:47,(anonymous_1)
FNDA:36,(anonymous_2)
FNDA:36,(anonymous_3)
FNDA:15,(anonymous_4)
FNDA:15,(anonymous_5)
FNDA:7,(anonymous_6)
FNDA:7,(anonymous_7)
DA:19,40
DA:23,40
DA:24,105
DA:33,40
DA:37,47
DA:40,40
DA:42,40
DA:47,40
DA:51,36
DA:52,36
DA:59,36
DA:62,40
DA:67,40
DA:71,15
DA:72,15
DA:79,15
DA:82,40
DA:87,40
DA:91,7
DA:92,7
DA:101,7
LF:21
LH:21
BRF:0
BRH:0
end_of_record
TN:
SF:/Users/alex/code/javascript/IXWebApp/src/wdyr.js
FNF:0
FNH:0
DA:3,0
DA:4,0
DA:5,0
LF:3
LH:0
BRDA:3,0,0,0
BRDA:3,0,1,0
BRF:2
BRH:0
end_of_record
TN:
SF:/Users/alex/code/javascript/IXWebApp/src/__fixtures__/api.ts
FNF:0
FNH:0
DA:3,1
DA:5,1
DA:11,1
DA:17,1
DA:21,1
DA:25,1
DA:26,1
DA:27,1
DA:32,1
DA:33,1
LF:10
LH:10
BRF:0
BRH:0
end_of_record
TN:
SF:/Users/alex/code/javascript/IXWebApp/src/__fixtures__/auth.ts
FNF:0
FNH:0
DA:12,7
DA:13,7
DA:15,7
DA:24,7
DA:30,7
DA:36,7
DA:40,7
DA:44,7
DA:50,7
DA:56,7
DA:61,7
DA:66,7
DA:71,7
DA:76,7
DA:81,7
DA:87,7
DA:92,7
DA:97,7
DA:102,7
DA:107,7
LF:20
LH:20
BRF:0
BRH:0
end_of_record
TN:
SF:/Users/alex/code/javascript/IXWebApp/src/__fixtures__/authorizer.ts
FNF:0
FNH:0
DA:12,9
DA:27,9
DA:36,9
DA:50,9
DA:69,9
DA:103,9
DA:119,9
DA:136,9
DA:184,9
DA:198,9
DA:203,9
DA:208,9
DA:213,9
DA:218,9
LF:14
LH:14
BRF:0
BRH:0
end_of_record
TN:
SF:/Users/alex/code/javascript/IXWebApp/src/__fixtures__/storage.ts
FNF:0
FNH:0
DA:3,2
DA:4,2
DA:5,2
DA:7,2
DA:8,2
DA:9,2
LF:6
LH:6
BRF:0
BRH:0
end_of_record
TN:
SF:/Users/alex/code/javascript/IXWebApp/src/__fixtures__/user.ts
FNF:0
FNH:0
DA:3,19
LF:1
LH:1
BRF:0
BRH:0
end_of_record
TN:
SF:/Users/alex/code/javascript/IXWebApp/src/components/App.js
FN:38,App
FN:43,(anonymous_1)
FN:44,(anonymous_2)
FN:50,PublicRoute
FN:55,(anonymous_4)
FN:80,Authenticated
FN:89,(anonymous_6)
FN:119,(anonymous_7)
FN:124,(anonymous_8)
FN:128,(anonymous_9)
FN:132,(anonymous_10)
FN:136,(anonymous_11)
FN:140,(anonymous_12)
FN:179,GotoDashboard
FN:190,PrivateRoute
FN:197,(anonymous_15)
FN:212,(anonymous_16)
FN:241,(anonymous_17)
FNF:18
FNH:0
FNDA:0,App
FNDA:0,(anonymous_1)
FNDA:0,(anonymous_2)
FNDA:0,PublicRoute
FNDA:0,(anonymous_4)
FNDA:0,Authenticated
FNDA:0,(anonymous_6)
FNDA:0,(anonymous_7)
FNDA:0,(anonymous_8)
FNDA:0,(anonymous_9)
FNDA:0,(anonymous_10)
FNDA:0,(anonymous_11)
FNDA:0,(anonymous_12)
FNDA:0,GotoDashboard
FNDA:0,PrivateRoute
FNDA:0,(anonymous_15)
FNDA:0,(anonymous_16)
FNDA:0,(anonymous_17)
DA:39,0
DA:40,0
DA:41,0
DA:43,0
DA:44,0
DA:45,0
DA:46,0
DA:51,0
DA:56,0
DA:65,0
DA:66,0
DA:69,0
DA:81,0
DA:82,0
DA:83,0
DA:84,0
DA:85,0
DA:86,0
DA:87,0
DA:89,0
DA:90,0
DA:93,0
DA:95,0
DA:119,0
DA:124,0
DA:128,0
DA:132,0
DA:136,0
DA:140,0
DA:180,0
DA:191,0
DA:193,0
DA:194,0
DA:198,0
DA:209,0
DA:214,0
DA:221,0
DA:229,0
DA:242,0
LF:39
LH:0
BRDA:56,0,0,0
BRDA:56,0,1,0
BRDA:65,1,0,0
BRDA:65,1,1,0
BRDA:65,2,0,0
BRDA:65,2,1,0
BRDA:90,3,0,0
BRDA:90,3,1,0
BRDA:93,4,0,0
BRDA:93,4,1,0
BRDA:143,5,0,0
BRDA:143,5,1,0
BRDA:156,6,0,0
BRDA:156,6,1,0
BRDA:165,7,0,0
BRDA:165,7,1,0
BRDA:193,8,0,0
BRDA:193,8,1,0
BRDA:221,9,0,0
BRDA:221,9,1,0
BRDA:233,10,0,0
BRDA:233,10,1,0
BRF:22
BRH:0
end_of_record
TN:
SF:/Users/alex/code/javascript/IXWebApp/src/components/CountrySelect.js
FN:11,countryToFlag
FN:15,(anonymous_1)
FN:31,CountrySelect
FN:34,(anonymous_3)
FN:47,(anonymous_4)
FN:48,(anonymous_5)
FN:58,(anonymous_6)
FNF:7
FNH:0
FNDA:0,countryToFlag
FNDA:0,(anonymous_1)
FNDA:0,CountrySelect
FNDA:0,(anonymous_3)
FNDA:0,(anonymous_4)
FNDA:0,(anonymous_5)
FNDA:0,(anonymous_6)
DA:12,0
DA:16,0
DA:21,0
DA:32,0
DA:34,0
DA:36,0
DA:47,0
DA:49,0
DA:59,0
DA:75,0
LF:10
LH:0
BRDA:12,0,0,0
BRDA:12,0,1,0
BRDA:50,1,0,0
BRDA:50,1,1,0
BRF:4
BRH:0
end_of_record
TN:
SF:/Users/alex/code/javascript/IXWebApp/src/components/GenericUploader.js
FN:9,(anonymous_0)
FN:23,(anonymous_1)
FNF:2
FNH:0
FNDA:0,(anonymous_0)
FNDA:0,(anonymous_1)
DA:9,0
DA:19,0
DA:20,0
DA:21,0
DA:23,0
DA:24,0
DA:25,0
DA:26,0
DA:32,0
DA:33,0
DA:35,0
DA:41,0
DA:45,0
LF:13
LH:0
BRDA:13,0,0,0
BRDA:14,1,0,0
BRDA:15,2,0,0
BRDA:16,3,0,0
BRDA:17,4,0,0
BRDA:24,5,0,0
BRDA:24,5,1,0
BRDA:32,6,0,0
BRDA:32,6,1,0
BRDA:48,7,0,0
BRDA:48,7,1,0
BRDA:52,8,0,0
BRDA:52,8,1,0
BRDA:60,9,0,0
BRDA:60,9,1,0
BRDA:61,10,0,0
BRDA:61,10,1,0
BRDA:63,11,0,0
BRDA:63,11,1,0
BRDA:79,12,0,0
BRDA:79,12,1,0
BRDA:81,13,0,0
BRDA:81,13,1,0
BRF:23
BRH:0
end_of_record
TN:
SF:/Users/alex/code/javascript/IXWebApp/src/components/LabelValue.js
FN:15,(anonymous_0)
FNF:1
FNH:0
FNDA:0,(anonymous_0)
DA:5,0
DA:15,0
DA:16,0
DA:17,0
DA:18,0
DA:20,0
LF:6
LH:0
BRDA:15,0,0,0
BRF:1
BRH:0
end_of_record
TN:
SF:/Users/alex/code/javascript/IXWebApp/src/components/Summary.js
FN:7,Overview
FN:19,(anonymous_1)
FN:30,(anonymous_2)
FNF:3
FNH:0
FNDA:0,Overview
FNDA:0,(anonymous_1)
FNDA:0,(anonymous_2)
DA:8,0
DA:9,0
DA:11,0
DA:13,0
DA:19,0
DA:31,0
LF:6
LH:0
BRDA:8,0,0,0
BRDA:8,0,1,0
BRDA:11,1,0,0
BRDA:11,1,1,0
BRDA:11,2,0,0
BRDA:11,2,1,0
BRDA:15,3,0,0
BRDA:15,3,1,0
BRDA:30,4,0,0
BRDA:30,4,1,0
BRDA:32,5,0,0
BRDA:32,5,1,0
BRDA:32,5,2,0
BRDA:38,6,0,0
BRDA:38,6,1,0
BRF:15
BRH:0
end_of_record
TN:
SF:/Users/alex/code/javascript/IXWebApp/src/components/styles.js
FN:5,(anonymous_0)
FNF:1
FNH:0
FNDA:0,(anonymous_0)
DA:5,0
LF:1
LH:0
BRF:0
BRH:0
end_of_record
TN:
SF:/Users/alex/code/javascript/IXWebApp/src/components/Dso/DsoImage.js
FN:10,(anonymous_0)
FN:19,(anonymous_1)
FN:23,(anonymous_2)
FN:33,(anonymous_3)
FNF:4
FNH:0
FNDA:0,(anonymous_0)
FNDA:0,(anonymous_1)
FNDA:0,(anonymous_2)
FNDA:0,(anonymous_3)
DA:10,0
DA:19,0
DA:20,0
DA:21,0
DA:23,0
DA:24,0
DA:30,0
DA:33,0
DA:34,0
DA:35,0
DA:36,0
DA:39,0
DA:42,0
DA:43,0
DA:47,0
LF:15
LH:0
BRDA:19,0,0,0
BRDA:19,1,0,0
BRDA:25,2,0,0
BRDA:25,2,1,0
BRDA:26,3,0,0
BRDA:26,3,1,0
BRDA:34,4,0,0
BRDA:34,4,1,0
BRDA:35,5,0,0
BRDA:35,5,1,0
BRDA:42,6,0,0
BRDA:42,6,1,0
BRF:12
BRH:0
end_of_record
TN:
SF:/Users/alex/code/javascript/IXWebApp/src/components/Dso/DsoTitle.js
FN:22,(anonymous_0)
FN:106,(anonymous_1)
FN:140,(anonymous_2)
FNF:3
FNH:0
FNDA:0,(anonymous_0)
FNDA:0,(anonymous_1)
FNDA:0,(anonymous_2)
DA:22,0
DA:37,0
DA:38,0
DA:40,0
DA:108,0
DA:109,0
DA:141,0
LF:7
LH:0
BRDA:26,0,0,0
BRDA:28,1,0,0
BRDA:29,2,0,0
BRDA:30,3,0,0
BRDA:32,4,0,0
BRDA:38,5,0,0
BRDA:38,6,0,0
BRDA:38,6,1,0
BRDA:46,7,0,0
BRDA:46,7,1,0
BRDA:54,8,0,0
BRDA:54,8,1,0
BRDA:140,9,0,0
BRDA:140,9,1,0
BRF:14
BRH:0
end_of_record
TN:
SF:/Users/alex/code/javascript/IXWebApp/src/components/Dso/OfferDetail.js
FN:6,(anonymous_0)
FNF:1
FNH:0
FNDA:0,(anonymous_0)
DA:6,0
DA:11,0
DA:12,0
LF:3
LH:0
BRDA:7,0,0,0
BRDA:11,1,0,0
BRDA:11,2,0,0
BRDA:11,2,1,0
BRDA:18,3,0,0
BRDA:18,3,1,0
BRDA:19,4,0,0
BRDA:19,4,1,0
BRDA:22,5,0,0
BRDA:22,5,1,0
BRDA:23,6,0,0
BRDA:23,6,1,0
BRF:12
BRH:0
end_of_record
TN:
SF:/Users/alex/code/javascript/IXWebApp/src/components/Dso/OfferDetails.js
FN:8,(anonymous_0)
FNF:1
FNH:0
FNDA:0,(anonymous_0)
DA:8,0
DA:12,0
DA:13,0
LF:3
LH:0
BRDA:9,0,0,0
BRDA:9,1,0,0
BRDA:12,2,0,0
BRDA:12,2,1,0
BRDA:34,3,0,0
BRDA:34,3,1,0
BRDA:35,4,0,0
BRDA:35,4,1,0
BRDA:42,5,0,0
BRDA:42,5,1,0
BRDA:43,6,0,0
BRDA:43,6,1,0
BRDA:50,7,0,0
BRDA:50,7,1,0
BRDA:51,8,0,0
BRDA:51,8,1,0
BRF:16
BRH:0
end_of_record
TN:
SF:/Users/alex/code/javascript/IXWebApp/src/components/Dso/OfferingTerms.js
FN:14,(anonymous_0)
FN:46,(anonymous_1)
FN:86,(anonymous_2)
FN:88,(anonymous_3)
FNF:4
FNH:0
FNDA:0,(anonymous_0)
FNDA:0,(anonymous_1)
FNDA:0,(anonymous_2)
FNDA:0,(anonymous_3)
DA:14,0
DA:15,0
DA:17,0
DA:41,0
DA:45,0
DA:64,0
DA:65,0
DA:84,0
DA:86,0
DA:88,0
DA:92,0
LF:11
LH:0
BRDA:15,0,0,0
BRDA:15,0,1,0
BRDA:41,1,0,0
BRDA:41,1,1,0
BRDA:51,2,0,0
BRDA:52,3,0,0
BRDA:71,4,0,0
BRDA:71,4,1,0
BRDA:74,5,0,0
BRDA:74,5,1,0
BRDA:77,6,0,0
BRDA:77,6,1,0
BRDA:86,7,0,0
BRDA:86,7,1,0
BRDA:101,8,0,0
BRDA:101,8,1,0
BRDA:109,9,0,0
BRDA:109,9,1,0
BRDA:117,10,0,0
BRDA:117,10,1,0
BRDA:125,11,0,0
BRDA:125,11,1,0
BRDA:132,12,0,0
BRDA:132,12,1,0
BRDA:141,13,0,0
BRDA:141,13,1,0
BRDA:149,14,0,0
BRDA:149,14,1,0
BRDA:156,15,0,0
BRDA:156,15,1,0
BRF:30
BRH:0
end_of_record
TN:
SF:/Users/alex/code/javascript/IXWebApp/src/components/Dso/SectionContianer.js
FN:4,(anonymous_0)
FNF:1
FNH:0
FNDA:0,(anonymous_0)
DA:4,0
DA:11,0
LF:2
LH:0
BRDA:19,0,0,0
BRDA:19,0,1,0
BRF:2
BRH:0
end_of_record
TN:
SF:/Users/alex/code/javascript/IXWebApp/src/components/Dso/Uploader.js
FN:9,(anonymous_0)
FN:23,(anonymous_1)
FN:83,(anonymous_2)
FNF:3
FNH:0
FNDA:0,(anonymous_0)
FNDA:0,(anonymous_1)
FNDA:0,(anonymous_2)
DA:9,0
DA:19,0
DA:20,0
DA:21,0
DA:23,0
DA:24,0
DA:25,0
DA:26,0
DA:32,0
DA:33,0
DA:35,0
DA:41,0
DA:45,0
DA:83,0
LF:14
LH:0
BRDA:13,0,0,0
BRDA:14,1,0,0
BRDA:15,2,0,0
BRDA:17,3,0,0
BRDA:24,4,0,0
BRDA:24,4,1,0
BRDA:32,5,0,0
BRDA:32,5,1,0
BRDA:48,6,0,0
BRDA:48,6,1,0
BRDA:52,7,0,0
BRDA:52,7,1,0
BRDA:60,8,0,0
BRDA:60,8,1,0
BRDA:61,9,0,0
BRDA:61,9,1,0
BRDA:63,10,0,0
BRDA:63,10,1,0
BRDA:78,11,0,0
BRDA:78,11,1,0
BRDA:82,12,0,0
BRDA:82,12,1,0
BRF:22
BRH:0
end_of_record
TN:
SF:/Users/alex/code/javascript/IXWebApp/src/components/Dso/rte.js
FN:6,RichEditor
FN:17,(anonymous_1)
FNF:2
FNH:0
FNDA:0,RichEditor
FNDA:0,(anonymous_1)
DA:10,0
DA:11,0
DA:15,0
DA:17,0
DA:19,0
LF:5
LH:0
BRDA:10,0,0,0
BRDA:10,0,1,0
BRF:2
BRH:0
end_of_record
TN:
SF:/Users/alex/code/javascript/IXWebApp/src/components/Dso/styles.js
FN:5,(anonymous_0)
FNF:1
FNH:0
FNDA:0,(anonymous_0)
DA:5,0
LF:1
LH:0
BRF:0
BRH:0
end_of_record
TN:
SF:/Users/alex/code/javascript/IXWebApp/src/components/Dso/DsoInformation/DsoTeamMember.js
FN:14,(anonymous_0)
FN:25,(anonymous_1)
FN:33,(anonymous_2)
FN:43,(anonymous_3)
FN:47,(anonymous_4)
FN:56,(anonymous_5)
FNF:6
FNH:0
FNDA:0,(anonymous_0)
FNDA:0,(anonymous_1)
FNDA:0,(anonymous_2)
FNDA:0,(anonymous_3)
FNDA:0,(anonymous_4)
FNDA:0,(anonymous_5)
DA:14,0
DA:25,0
DA:30,0
DA:31,0
DA:33,0
DA:34,0
DA:40,0
DA:43,0
DA:44,0
DA:47,0
DA:48,0
DA:49,0
DA:52,0
DA:56,0
LF:14
LH:0
BRDA:26,0,0,0
BRDA:26,1,0,0
BRDA:33,2,0,0
BRDA:35,3,0,0
BRDA:35,3,1,0
BRDA:36,4,0,0
BRDA:36,4,1,0
BRDA:54,5,0,0
BRDA:54,5,1,0
BRDA:79,6,0,0
BRDA:79,6,1,0
BRDA:95,7,0,0
BRDA:95,7,1,0
BRDA:103,8,0,0
BRDA:103,8,1,0
BRDA:121,9,0,0
BRDA:121,9,1,0
BRDA:126,10,0,0
BRDA:126,10,1,0
BRDA:128,11,0,0
BRDA:128,11,1,0
BRF:21
BRH:0
end_of_record
TN:
SF:/Users/alex/code/javascript/IXWebApp/src/components/Dso/DsoInformation/index.js
FN:69,(anonymous_0)
FN:95,(anonymous_1)
FN:96,(anonymous_2)
FN:99,(anonymous_3)
FN:109,(anonymous_4)
FN:122,(anonymous_5)
FN:123,(anonymous_6)
FN:131,(anonymous_7)
FN:148,(anonymous_8)
FN:180,(anonymous_9)
FN:198,(anonymous_10)
FN:200,(anonymous_11)
FN:219,(anonymous_12)
FN:221,(anonymous_13)
FN:240,(anonymous_14)
FN:248,(anonymous_15)
FN:252,(anonymous_16)
FN:263,(anonymous_17)
FN:274,(anonymous_18)
FN:284,(anonymous_19)
FN:298,(anonymous_20)
FN:330,(anonymous_21)
FN:414,(anonymous_22)
FN:471,(anonymous_23)
FN:472,(anonymous_24)
FN:491,(anonymous_25)
FN:505,(anonymous_26)
FN:533,(anonymous_27)
FN:534,(anonymous_28)
FN:554,(anonymous_29)
FN:579,(anonymous_30)
FN:580,(anonymous_31)
FN:592,(anonymous_32)
FN:602,(anonymous_33)
FN:608,(anonymous_34)
FN:644,(anonymous_35)
FN:646,(anonymous_36)
FN:658,(anonymous_37)
FN:666,(anonymous_38)
FN:667,(anonymous_39)
FN:677,(anonymous_40)
FN:685,(anonymous_41)
FNF:42
FNH:0
FNDA:0,(anonymous_0)
FNDA:0,(anonymous_1)
FNDA:0,(anonymous_2)
FNDA:0,(anonymous_3)
FNDA:0,(anonymous_4)
FNDA:0,(anonymous_5)
FNDA:0,(anonymous_6)
FNDA:0,(anonymous_7)
FNDA:0,(anonymous_8)
FNDA:0,(anonymous_9)
FNDA:0,(anonymous_10)
FNDA:0,(anonymous_11)
FNDA:0,(anonymous_12)
FNDA:0,(anonymous_13)
FNDA:0,(anonymous_14)
FNDA:0,(anonymous_15)
FNDA:0,(anonymous_16)
FNDA:0,(anonymous_17)
FNDA:0,(anonymous_18)
FNDA:0,(anonymous_19)
FNDA:0,(anonymous_20)
FNDA:0,(anonymous_21)
FNDA:0,(anonymous_22)
FNDA:0,(anonymous_23)
FNDA:0,(anonymous_24)
FNDA:0,(anonymous_25)
FNDA:0,(anonymous_26)
FNDA:0,(anonymous_27)
FNDA:0,(anonymous_28)
FNDA:0,(anonymous_29)
FNDA:0,(anonymous_30)
FNDA:0,(anonymous_31)
FNDA:0,(anonymous_32)
FNDA:0,(anonymous_33)
FNDA:0,(anonymous_34)
FNDA:0,(anonymous_35)
FNDA:0,(anonymous_36)
FNDA:0,(anonymous_37)
FNDA:0,(anonymous_38)
FNDA:0,(anonymous_39)
FNDA:0,(anonymous_40)
FNDA:0,(anonymous_41)
DA:35,0
DA:69,0
DA:71,0
DA:72,0
DA:73,0
DA:74,0
DA:75,0
DA:76,0
DA:77,0
DA:91,0
DA:93,0
DA:95,0
DA:96,0
DA:97,0
DA:99,0
DA:100,0
DA:101,0
DA:104,0
DA:105,0
DA:109,0
DA:110,0
DA:111,0
DA:114,0
DA:115,0
DA:119,0
DA:122,0
DA:123,0
DA:125,0
DA:127,0
DA:130,0
DA:131,0
DA:133,0
DA:134,0
DA:140,0
DA:147,0
DA:148,0
DA:149,0
DA:150,0
DA:153,0
DA:154,0
DA:157,0
DA:160,0
DA:162,0
DA:163,0
DA:164,0
DA:165,0
DA:169,0
DA:170,0
DA:173,0
DA:174,0
DA:177,0
DA:180,0
DA:181,0
DA:182,0
DA:190,0
DA:191,0
DA:195,0
DA:198,0
DA:199,0
DA:200,0
DA:201,0
DA:207,0
DA:210,0
DA:211,0
DA:212,0
DA:216,0
DA:219,0
DA:220,0
DA:221,0
DA:222,0
DA:228,0
DA:231,0
DA:232,0
DA:233,0
DA:237,0
DA:240,0
DA:241,0
DA:242,0
DA:245,0
DA:248,0
DA:249,0
DA:252,0
DA:253,0
DA:254,0
DA:255,0
DA:256,0
DA:257,0
DA:260,0
DA:263,0
DA:264,0
DA:265,0
DA:266,0
DA:267,0
DA:268,0
DA:271,0
DA:274,0
DA:275,0
DA:276,0
DA:277,0
DA:278,0
DA:281,0
DA:284,0
DA:285,0
DA:286,0
DA:287,0
DA:290,0
DA:291,0
DA:292,0
DA:295,0
DA:298,0
DA:299,0
DA:302,0
DA:305,0
DA:330,0
DA:361,0
DA:363,0
DA:368,0
DA:415,0
DA:416,0
DA:418,0
DA:419,0
DA:423,0
DA:426,0
DA:427,0
DA:428,0
DA:432,0
DA:435,0
DA:436,0
DA:440,0
DA:443,0
DA:444,0
DA:447,0
DA:448,0
DA:471,0
DA:473,0
DA:491,0
DA:506,0
DA:533,0
DA:535,0
DA:555,0
DA:579,0
DA:581,0
DA:593,0
DA:602,0
DA:608,0
DA:645,0
DA:647,0
DA:659,0
DA:666,0
DA:668,0
DA:669,0
DA:670,0
DA:673,0
DA:674,0
DA:678,0
DA:685,0
LF:156
LH:0
BRDA:76,0,0,0
BRDA:76,0,1,0
BRDA:100,1,0,0
BRDA:100,1,1,0
BRDA:104,2,0,0
BRDA:104,2,1,0
BRDA:110,3,0,0
BRDA:110,3,1,0
BRDA:114,4,0,0
BRDA:114,4,1,0
BRDA:125,5,0,0
BRDA:125,5,1,0
BRDA:130,6,0,0
BRDA:130,6,1,0
BRDA:133,7,0,0
BRDA:133,7,1,0
BRDA:149,8,0,0
BRDA:149,8,1,0
BRDA:153,9,0,0
BRDA:153,9,1,0
BRDA:157,10,0,0
BRDA:157,10,1,0
BRDA:162,11,0,0
BRDA:162,11,1,0
BRDA:164,12,0,0
BRDA:164,12,1,0
BRDA:166,13,0,0
BRDA:166,13,1,0
BRDA:169,14,0,0
BRDA:169,14,1,0
BRDA:173,15,0,0
BRDA:173,15,1,0
BRDA:201,16,0,0
BRDA:201,16,1,0
BRDA:203,17,0,0
BRDA:203,17,1,0
BRDA:203,17,2,0
BRDA:221,18,0,0
BRDA:221,18,1,0
BRDA:222,19,0,0
BRDA:222,19,1,0
BRDA:224,20,0,0
BRDA:224,20,1,0
BRDA:224,20,2,0
BRDA:241,21,0,0
BRDA:241,21,1,0
BRDA:286,22,0,0
BRDA:286,22,1,0
BRDA:335,23,0,0
BRDA:336,24,0,0
BRDA:337,25,0,0
BRDA:361,26,0,0
BRDA:361,26,1,0
BRDA:363,27,0,0
BRDA:363,27,1,0
BRDA:363,27,2,0
BRDA:363,27,3,0
BRDA:364,28,0,0
BRDA:364,28,1,0
BRDA:365,29,0,0
BRDA:365,29,1,0
BRDA:382,30,0,0
BRDA:382,30,1,0
BRDA:387,31,0,0
BRDA:387,31,1,0
BRDA:391,32,0,0
BRDA:391,32,1,0
BRDA:392,33,0,0
BRDA:392,33,1,0
BRDA:394,34,0,0
BRDA:394,34,1,0
BRDA:409,35,0,0
BRDA:409,35,1,0
BRDA:409,35,2,0
BRDA:409,35,3,0
BRDA:415,36,0,0
BRDA:415,36,1,0
BRDA:418,37,0,0
BRDA:418,37,1,0
BRDA:426,38,0,0
BRDA:426,38,1,0
BRDA:427,39,0,0
BRDA:427,39,1,0
BRDA:435,40,0,0
BRDA:435,40,1,0
BRDA:444,41,0,0
BRDA:444,41,1,0
BRDA:447,42,0,0
BRDA:447,42,1,0
BRDA:461,43,0,0
BRDA:461,43,1,0
BRDA:468,44,0,0
BRDA:468,44,1,0
BRDA:470,45,0,0
BRDA:470,45,1,0
BRDA:480,46,0,0
BRDA:480,46,1,0
BRDA:489,47,0,0
BRDA:489,47,1,0
BRDA:489,47,2,0
BRDA:495,48,0,0
BRDA:495,48,1,0
BRDA:498,49,0,0
BRDA:498,49,1,0
BRDA:515,50,0,0
BRDA:515,50,1,0
BRDA:523,51,0,0
BRDA:523,51,1,0
BRDA:530,52,0,0
BRDA:530,52,1,0
BRDA:532,53,0,0
BRDA:532,53,1,0
BRDA:546,54,0,0
BRDA:546,54,1,0
BRDA:546,54,2,0
BRDA:546,55,0,0
BRDA:546,55,1,0
BRDA:547,56,0,0
BRDA:547,56,1,0
BRDA:547,57,0,0
BRDA:547,57,1,0
BRDA:550,58,0,0
BRDA:550,58,1,0
BRDA:569,59,0,0
BRDA:569,59,1,0
BRDA:576,60,0,0
BRDA:576,60,1,0
BRDA:578,61,0,0
BRDA:578,61,1,0
BRDA:592,62,0,0
BRDA:592,62,1,0
BRDA:606,63,0,0
BRDA:606,63,1,0
BRDA:614,64,0,0
BRDA:614,64,1,0
BRDA:629,65,0,0
BRDA:629,65,1,0
BRDA:638,66,0,0
BRDA:638,66,1,0
BRDA:641,67,0,0
BRDA:641,67,1,0
BRDA:658,68,0,0
BRDA:658,68,1,0
BRDA:660,69,0,0
BRDA:660,69,1,0
BRDA:665,70,0,0
BRDA:665,70,1,0
BRDA:668,71,0,0
BRDA:668,71,1,0
BRDA:668,72,0,0
BRDA:668,72,1,0
BRDA:673,73,0,0
BRDA:673,73,1,0
BRDA:683,74,0,0
BRDA:683,74,1,0
BRF:155
BRH:0
end_of_record
TN:
SF:/Users/alex/code/javascript/IXWebApp/src/components/Dso/DsoList/DsoList.js
FN:34,(anonymous_0)
FN:41,(anonymous_1)
FN:42,(anonymous_2)
FN:45,(anonymous_3)
FN:53,(anonymous_4)
FN:57,(anonymous_5)
FN:62,(anonymous_6)
FN:67,(anonymous_7)
FN:71,(anonymous_8)
FN:85,(anonymous_9)
FN:85,(anonymous_10)
FN:108,(anonymous_11)
FN:142,(anonymous_12)
FN:153,(anonymous_13)
FN:158,(anonymous_14)
FN:173,(anonymous_15)
FNF:16
FNH:0
FNDA:0,(anonymous_0)
FNDA:0,(anonymous_1)
FNDA:0,(anonymous_2)
FNDA:0,(anonymous_3)
FNDA:0,(anonymous_4)
FNDA:0,(anonymous_5)
FNDA:0,(anonymous_6)
FNDA:0,(anonymous_7)
FNDA:0,(anonymous_8)
FNDA:0,(anonymous_9)
FNDA:0,(anonymous_10)
FNDA:0,(anonymous_11)
FNDA:0,(anonymous_12)
FNDA:0,(anonymous_13)
FNDA:0,(anonymous_14)
FNDA:0,(anonymous_15)
DA:26,0
DA:32,0
DA:34,0
DA:35,0
DA:36,0
DA:37,0
DA:38,0
DA:39,0
DA:40,0
DA:41,0
DA:42,0
DA:45,0
DA:46,0
DA:47,0
DA:48,0
DA:49,0
DA:50,0
DA:53,0
DA:54,0
DA:57,0
DA:58,0
DA:59,0
DA:62,0
DA:63,0
DA:64,0
DA:67,0
DA:68,0
DA:71,0
DA:72,0
DA:73,0
DA:80,0
DA:84,0
DA:85,0
DA:86,0
DA:91,0
DA:108,0
DA:119,0
DA:121,0
DA:123,0
DA:142,0
DA:155,0
DA:158,0
DA:174,0
LF:43
LH:0
BRDA:46,0,0,0
BRDA:46,0,1,0
BRDA:72,1,0,0
BRDA:72,1,1,0
BRDA:108,2,0,0
BRDA:108,3,0,0
BRDA:112,4,0,0
BRDA:125,5,0,0
BRDA:125,5,1,0
BRDA:137,6,0,0
BRDA:137,6,1,0
BRDA:163,7,0,0
BRDA:163,7,1,0
BRF:13
BRH:0
end_of_record
TN:
SF:/Users/alex/code/javascript/IXWebApp/src/components/Dso/DsoList/OfferCard.js
FN:9,(anonymous_0)
FNF:1
FNH:0
FNDA:0,(anonymous_0)
DA:9,0
DA:10,0
DA:12,0
LF:3
LH:0
BRDA:10,0,0,0
BRDA:10,0,1,0
BRDA:28,1,0,0
BRDA:28,1,1,0
BRDA:29,2,0,0
BRDA:29,2,1,0
BRF:6
BRH:0
end_of_record
TN:
SF:/Users/alex/code/javascript/IXWebApp/src/components/Dso/DsoList/index.js
FN:8,(anonymous_0)
FNF:1
FNH:0
FNDA:0,(anonymous_0)
DA:6,0
DA:8,0
DA:9,0
LF:3
LH:0
BRDA:8,0,0,0
BRF:1
BRH:0
end_of_record
TN:
SF:/Users/alex/code/javascript/IXWebApp/src/components/Dso/DsoList/modules/actions.js
FNF:0
FNH:0
DA:5,0
LF:1
LH:0
BRF:0
BRH:0
end_of_record
TN:
SF:/Users/alex/code/javascript/IXWebApp/src/components/Dso/DsoList/modules/actions_filtered.js
FN:4,(anonymous_0)
FNF:1
FNH:0
FNDA:0,(anonymous_0)
DA:4,0
DA:6,0
DA:12,0
LF:3
LH:0
BRF:0
BRH:0
end_of_record
TN:
SF:/Users/alex/code/javascript/IXWebApp/src/components/Dso/DsoList/modules/index.js
FNF:0
FNH:0
DA:9,0
LF:1
LH:0
BRF:0
BRH:0
end_of_record
TN:
SF:/Users/alex/code/javascript/IXWebApp/src/components/Dso/modules/actions.js
FN:4,uploadFile
FN:33,(anonymous_1)
FN:39,(anonymous_2)
FN:52,(anonymous_3)
FNF:4
FNH:0
FNDA:0,uploadFile
FNDA:0,(anonymous_1)
FNDA:0,(anonymous_2)
FNDA:0,(anonymous_3)
DA:9,0
DA:10,0
DA:11,0
DA:13,0
DA:14,0
DA:15,0
DA:17,0
DA:18,0
DA:20,0
DA:21,0
DA:22,0
DA:24,0
DA:27,0
DA:29,0
DA:33,0
DA:34,0
DA:35,0
DA:36,0
DA:38,0
DA:39,0
DA:40,0
DA:41,0
DA:43,0
DA:46,0
DA:48,0
DA:52,0
DA:53,0
DA:54,0
DA:55,0
LF:29
LH:0
BRDA:21,0,0,0
BRDA:21,0,1,0
BRDA:38,1,0,0
BRDA:38,1,1,0
BRF:4
BRH:0
end_of_record
TN:
SF:/Users/alex/code/javascript/IXWebApp/src/components/Header/index.js
FN:27,Header
FN:42,(anonymous_1)
FN:72,(anonymous_2)
FN:81,(anonymous_3)
FN:89,(anonymous_4)
FNF:5
FNH:0
FNDA:0,Header
FNDA:0,(anonymous_1)
FNDA:0,(anonymous_2)
FNDA:0,(anonymous_3)
FNDA:0,(anonymous_4)
DA:28,0
DA:29,0
DA:31,0
DA:32,0
DA:33,0
DA:35,0
DA:37,0
DA:42,0
DA:72,0
DA:81,0
DA:89,0
LF:11
LH:0
BRDA:48,0,0,0
BRDA:48,0,1,0
BRF:2
BRH:0
end_of_record
TN:
SF:/Users/alex/code/javascript/IXWebApp/src/components/Header/styles.js
FN:4,(anonymous_0)
FNF:1
FNH:0
FNDA:0,(anonymous_0)
DA:4,0
LF:1
LH:0
BRF:0
BRH:0
end_of_record
TN:
SF:/Users/alex/code/javascript/IXWebApp/src/components/Layout/styles.js
FN:3,(anonymous_0)
FNF:1
FNH:0
FNDA:0,(anonymous_0)
DA:3,0
LF:1
LH:0
BRF:0
BRH:0
end_of_record
TN:
SF:/Users/alex/code/javascript/IXWebApp/src/components/NoAccessDialog/index.js
FN:14,(anonymous_0)
FN:44,(anonymous_1)
FNF:2
FNH:0
FNDA:0,(anonymous_0)
FNDA:0,(anonymous_1)
DA:14,0
DA:15,0
DA:16,0
DA:17,0
DA:18,0
DA:19,0
DA:21,0
DA:27,0
DA:30,0
DA:44,0
LF:10
LH:0
BRDA:17,0,0,0
BRDA:17,1,0,0
BRDA:21,2,0,0
BRDA:21,2,1,0
BRDA:22,3,0,0
BRDA:22,3,1,0
BRDA:22,3,2,0
BRDA:22,3,3,0
BRF:8
BRH:0
end_of_record
TN:
SF:/Users/alex/code/javascript/IXWebApp/src/components/PageTitle/index.js
FN:8,(anonymous_0)
FN:14,(anonymous_1)
FN:24,(anonymous_2)
FNF:3
FNH:0
FNDA:0,(anonymous_0)
FNDA:0,(anonymous_1)
FNDA:0,(anonymous_2)
DA:8,0
DA:14,0
DA:15,0
DA:16,0
DA:18,0
DA:24,0
LF:6
LH:0
BRDA:14,0,0,0
BRDA:20,1,0,0
BRDA:20,1,1,0
BRDA:24,2,0,0
BRDA:24,2,1,0
BRDA:32,3,0,0
BRDA:32,3,1,0
BRF:7
BRH:0
end_of_record
TN:
SF:/Users/alex/code/javascript/IXWebApp/src/components/Sidebar/index.js
FN:35,Sidebar
FN:121,(anonymous_1)
FN:162,(anonymous_2)
FN:174,(anonymous_3)
FN:177,cleanup
FN:199,(anonymous_5)
FN:208,(anonymous_6)
FNF:7
FNH:0
FNDA:0,Sidebar
FNDA:0,(anonymous_1)
FNDA:0,(anonymous_2)
FNDA:0,(anonymous_3)
FNDA:0,cleanup
FNDA:0,(anonymous_5)
FNDA:0,(anonymous_6)
DA:36,0
DA:37,0
DA:38,0
DA:39,0
DA:40,0
DA:42,0
DA:44,0
DA:121,0
DA:156,0
DA:157,0
DA:160,0
DA:162,0
DA:163,0
DA:164,0
DA:165,0
DA:167,0
DA:168,0
DA:169,0
DA:170,0
DA:174,0
DA:175,0
DA:176,0
DA:177,0
DA:178,0
DA:182,0
DA:199,0
DA:209,0
LF:27
LH:0
BRDA:102,0,0,0
BRDA:102,0,1,0
BRDA:113,1,0,0
BRDA:113,1,1,0
BRDA:130,2,0,0
BRDA:130,2,1,0
BRDA:167,3,0,0
BRDA:167,3,1,0
BRDA:167,4,0,0
BRDA:167,4,1,0
BRDA:169,5,0,0
BRDA:169,5,1,0
BRDA:169,6,0,0
BRDA:169,6,1,0
BRDA:184,7,0,0
BRDA:184,7,1,0
BRF:16
BRH:0
end_of_record
TN:
SF:/Users/alex/code/javascript/IXWebApp/src/components/Sidebar/styles.js
FN:5,(anonymous_0)
FNF:1
FNH:0
FNDA:0,(anonymous_0)
DA:3,0
DA:5,0
LF:2
LH:0
BRF:0
BRH:0
end_of_record
TN:
SF:/Users/alex/code/javascript/IXWebApp/src/components/Sidebar/components/Dot.js
FN:7,(anonymous_0)
FN:17,Dot
FNF:2
FNH:0
FNDA:0,(anonymous_0)
FNDA:0,Dot
DA:7,0
DA:18,0
DA:19,0
DA:21,0
LF:4
LH:0
BRDA:26,0,0,0
BRDA:26,0,1,0
BRDA:26,0,2,0
BRF:3
BRH:0
end_of_record
TN:
SF:/Users/alex/code/javascript/IXWebApp/src/components/Sidebar/components/SidebarLink/SidebarLink.js
FN:20,SidebarLink
FN:123,(anonymous_1)
FN:141,toggleCollapse
FNF:3
FNH:0
FNDA:0,SidebarLink
FNDA:0,(anonymous_1)
FNDA:0,toggleCollapse
DA:30,0
DA:33,0
DA:35,0
DA:38,0
DA:39,0
DA:50,0
DA:52,0
DA:53,0
DA:88,0
DA:124,0
DA:142,0
DA:143,0
DA:144,0
LF:13
LH:0
BRDA:35,0,0,0
BRDA:35,0,1,0
BRDA:35,0,2,0
BRDA:38,1,0,0
BRDA:38,1,1,0
BRDA:50,2,0,0
BRDA:50,2,1,0
BRDA:52,3,0,0
BRDA:52,3,1,0
BRDA:56,4,0,0
BRDA:56,4,1,0
BRDA:61,5,0,0
BRDA:61,5,1,0
BRDA:73,6,0,0
BRDA:73,6,1,0
BRDA:92,7,0,0
BRDA:92,7,1,0
BRDA:103,8,0,0
BRDA:103,8,1,0
BRDA:115,9,0,0
BRDA:115,9,1,0
BRDA:125,10,0,0
BRDA:125,10,1,0
BRDA:142,11,0,0
BRDA:142,11,1,0
BRF:25
BRH:0
end_of_record
TN:
SF:/Users/alex/code/javascript/IXWebApp/src/components/Sidebar/components/SidebarLink/styles.js
FN:3,(anonymous_0)
FNF:1
FNH:0
FNDA:0,(anonymous_0)
DA:3,0
LF:1
LH:0
BRF:0
BRH:0
end_of_record
TN:
SF:/Users/alex/code/javascript/IXWebApp/src/components/TableWithPagination/index.js
FN:19,(anonymous_0)
FN:21,(anonymous_1)
FN:29,(anonymous_2)
FN:33,(anonymous_3)
FN:38,(anonymous_4)
FN:42,(anonymous_5)
FN:62,(anonymous_6)
FN:62,(anonymous_7)
FN:85,(anonymous_8)
FN:91,(anonymous_9)
FN:95,(anonymous_10)
FN:97,(anonymous_11)
FN:117,(anonymous_12)
FN:154,(anonymous_13)
FN:173,(anonymous_14)
FN:186,(anonymous_15)
FNF:16
FNH:0
FNDA:0,(anonymous_0)
FNDA:0,(anonymous_1)
FNDA:0,(anonymous_2)
FNDA:0,(anonymous_3)
FNDA:0,(anonymous_4)
FNDA:0,(anonymous_5)
FNDA:0,(anonymous_6)
FNDA:0,(anonymous_7)
FNDA:0,(anonymous_8)
FNDA:0,(anonymous_9)
FNDA:0,(anonymous_10)
FNDA:0,(anonymous_11)
FNDA:0,(anonymous_12)
FNDA:0,(anonymous_13)
FNDA:0,(anonymous_14)
FNDA:0,(anonymous_15)
DA:17,0
DA:19,0
DA:21,0
DA:22,0
DA:23,0
DA:24,0
DA:25,0
DA:26,0
DA:27,0
DA:29,0
DA:30,0
DA:33,0
DA:34,0
DA:35,0
DA:38,0
DA:39,0
DA:42,0
DA:43,0
DA:44,0
DA:49,0
DA:61,0
DA:62,0
DA:63,0
DA:68,0
DA:85,0
DA:86,0
DA:88,0
DA:92,0
DA:95,0
DA:98,0
DA:117,0
DA:124,0
DA:135,0
DA:137,0
DA:139,0
DA:140,0
DA:143,0
DA:144,0
DA:147,0
DA:155,0
DA:174,0
DA:186,0
DA:194,0
DA:196,0
LF:44
LH:0
BRDA:43,0,0,0
BRDA:43,0,1,0
BRDA:86,1,0,0
BRDA:86,1,1,0
BRDA:90,2,0,0
BRDA:90,2,1,0
BRDA:94,3,0,0
BRDA:94,3,1,0
BRDA:95,4,0,0
BRDA:95,4,1,0
BRDA:98,5,0,0
BRDA:98,5,1,0
BRDA:99,6,0,0
BRDA:99,6,1,0
BRDA:100,7,0,0
BRDA:100,7,1,0
BRDA:101,8,0,0
BRDA:101,8,1,0
BRDA:101,8,2,0
BRDA:139,9,0,0
BRDA:139,9,1,0
BRDA:139,10,0,0
BRDA:139,10,1,0
BRDA:143,11,0,0
BRDA:143,11,1,0
BRDA:143,12,0,0
BRDA:143,12,1,0
BRDA:149,13,0,0
BRDA:149,13,1,0
BRDA:155,14,0,0
BRDA:155,14,1,0
BRDA:164,15,0,0
BRDA:164,15,1,0
BRF:33
BRH:0
end_of_record
TN:
SF:/Users/alex/code/javascript/IXWebApp/src/components/TableWithPagination/modules/index.js
FN:5,init
FNF:1
FNH:0
FNDA:0,init
DA:6,0
DA:8,0
DA:10,0
LF:3
LH:0
BRF:0
BRH:0
end_of_record
TN:
SF:/Users/alex/code/javascript/IXWebApp/src/components/UserAvatar/UserAvatar.js
FN:10,UserAvatar
FN:16,(anonymous_1)
FNF:2
FNH:0
FNDA:0,UserAvatar
FNDA:0,(anonymous_1)
DA:11,0
DA:12,0
DA:14,0
DA:16,0
DA:19,0
LF:5
LH:0
BRDA:10,0,0,0
BRF:1
BRH:0
end_of_record
TN:
SF:/Users/alex/code/javascript/IXWebApp/src/components/UserAvatar/styles.js
FN:3,(anonymous_0)
FNF:1
FNH:0
FNDA:0,(anonymous_0)
DA:3,0
LF:1
LH:0
BRF:0
BRH:0
end_of_record
TN:
SF:/Users/alex/code/javascript/IXWebApp/src/config/index.js
FNF:0
FNH:0
DA:1,44
DA:3,44
DA:4,44
DA:6,44
DA:16,44
LF:5
LH:5
BRDA:1,0,0,44
BRDA:1,0,1,0
BRF:2
BRH:1
end_of_record
TN:
SF:/Users/alex/code/javascript/IXWebApp/src/const/const.js
FNF:0
FNH:0
DA:5,0
DA:6,0
DA:7,0
DA:8,0
DA:12,0
DA:17,0
DA:19,0
LF:7
LH:0
BRF:0
BRH:0
end_of_record
TN:
SF:/Users/alex/code/javascript/IXWebApp/src/const/countries.js
FN:4,(anonymous_0)
FNF:1
FNH:0
FNDA:0,(anonymous_0)
DA:4,0
DA:5,0
LF:2
LH:0
BRF:0
BRH:0
end_of_record
TN:
SF:/Users/alex/code/javascript/IXWebApp/src/const/nationalities.js
FNF:0
FNH:0
LF:0
LH:0
BRF:0
BRH:0
end_of_record
TN:
SF:/Users/alex/code/javascript/IXWebApp/src/const/status.js
FNF:0
FNH:0
DA:1,0
LF:1
LH:0
BRF:0
BRH:0
end_of_record
TN:
SF:/Users/alex/code/javascript/IXWebApp/src/context/AccountContext.js
FN:45,useAccountState
FN:53,useAccountDispatch
FN:63,accountReducer
FN:118,AccountProvider
FN:136,createBankAccount
FN:163,getAssetsInfo
FN:190,getBankAccounts
FNF:7
FNH:0
FNDA:0,useAccountState
FNDA:0,useAccountDispatch
FNDA:0,accountReducer
FNDA:0,AccountProvider
FNDA:0,createBankAccount
FNDA:0,getAssetsInfo
FNDA:0,getBankAccounts
DA:6,0
DA:7,0
DA:9,0
DA:16,0
DA:24,0
DA:30,0
DA:36,0
DA:46,0
DA:47,0
DA:48,0
DA:50,0
DA:54,0
DA:55,0
DA:56,0
DA:60,0
DA:64,0
DA:66,0
DA:74,0
DA:82,0
DA:90,0
DA:98,0
DA:106,0
DA:114,0
DA:120,0
DA:123,0
DA:124,0
DA:137,0
DA:139,0
DA:140,0
DA:141,0
DA:142,0
DA:144,0
DA:145,0
DA:150,0
DA:156,0
DA:164,0
DA:166,0
DA:167,0
DA:168,0
DA:169,0
DA:171,0
DA:172,0
DA:177,0
DA:183,0
DA:191,0
DA:193,0
DA:194,0
DA:195,0
DA:196,0
DA:197,0
DA:198,0
DA:203,0
DA:209,0
LF:53
LH:0
BRDA:47,0,0,0
BRDA:47,0,1,0
BRDA:55,1,0,0
BRDA:55,1,1,0
BRDA:64,2,0,0
BRDA:64,2,1,0
BRDA:64,2,2,0
BRDA:64,2,3,0
BRDA:64,2,4,0
BRDA:64,2,5,0
BRDA:64,2,6,0
BRDA:120,3,0,0
BRDA:120,3,1,0
BRDA:144,4,0,0
BRDA:144,4,1,0
BRDA:171,5,0,0
BRDA:171,5,1,0
BRDA:197,6,0,0
BRDA:197,6,1,0
BRF:19
BRH:0
end_of_record
TN:
SF:/Users/alex/code/javascript/IXWebApp/src/context/AccreditationContext.js
FN:37,accreditationReducer
FN:73,AccreditationProvider
FN:90,useAccreditationState
FN:100,useAccreditationDispatch
FN:111,getAccreditation
FN:142,saveAccreditation
FNF:6
FNH:0
FNDA:0,accreditationReducer
FNDA:0,AccreditationProvider
FNDA:0,useAccreditationState
FNDA:0,useAccreditationDispatch
FNDA:0,getAccreditation
FNDA:0,saveAccreditation
DA:6,0
DA:7,0
DA:9,0
DA:18,0
DA:25,0
DA:27,0
DA:38,0
DA:40,0
DA:46,0
DA:48,0
DA:54,0
DA:60,0
DA:62,0
DA:68,0
DA:75,0
DA:79,0
DA:81,0
DA:91,0
DA:92,0
DA:93,0
DA:97,0
DA:101,0
DA:102,0
DA:103,0
DA:107,0
DA:112,0
DA:114,0
DA:115,0
DA:116,0
DA:117,0
DA:118,0
DA:119,0
DA:120,0
DA:126,0
DA:127,0
DA:133,0
DA:136,0
DA:137,0
DA:138,0
DA:143,0
DA:145,0
DA:146,0
DA:147,0
DA:148,0
DA:149,0
DA:150,0
DA:151,0
DA:153,0
DA:156,0
DA:157,0
DA:158,0
LF:51
LH:0
BRDA:38,0,0,0
BRDA:38,0,1,0
BRDA:38,0,2,0
BRDA:38,0,3,0
BRDA:38,0,4,0
BRDA:38,0,5,0
BRDA:38,0,6,0
BRDA:75,1,0,0
BRDA:75,1,1,0
BRDA:92,2,0,0
BRDA:92,2,1,0
BRDA:102,3,0,0
BRDA:102,3,1,0
BRDA:118,4,0,0
BRDA:118,4,1,0
BRDA:119,5,0,0
BRDA:119,5,1,0
BRDA:126,6,0,0
BRDA:126,6,1,0
BRDA:136,7,0,0
BRDA:136,7,1,0
BRDA:136,7,2,0
BRDA:149,8,0,0
BRDA:149,8,1,0
BRDA:150,9,0,0
BRDA:150,9,1,0
BRDA:156,10,0,0
BRDA:156,10,1,0
BRDA:156,10,2,0
BRF:29
BRH:0
end_of_record
TN:
SF:/Users/alex/code/javascript/IXWebApp/src/context/BlockInfoContext.js
FN:14,blockInfoReducer
FN:48,BlockInfoProvider
FN:69,useBlockInfoState
FN:77,useBlockInfoDispatch
FN:85,getBlockInfo
FNF:5
FNH:0
FNDA:0,blockInfoReducer
FNDA:0,BlockInfoProvider
FNDA:0,useBlockInfoState
FNDA:0,useBlockInfoDispatch
FNDA:0,getBlockInfo
DA:5,0
DA:6,0
DA:8,0
DA:15,0
DA:17,0
DA:26,0
DA:35,0
DA:44,0
DA:50,0
DA:53,0
DA:60,0
DA:70,0
DA:71,0
DA:72,0
DA:74,0
DA:78,0
DA:79,0
DA:80,0
DA:82,0
DA:86,0
DA:87,0
DA:88,0
DA:89,0
DA:90,0
DA:91,0
DA:92,0
DA:97,0
DA:103,0
LF:28
LH:0
BRDA:15,0,0,0
BRDA:15,0,1,0
BRDA:15,0,2,0
BRDA:15,0,3,0
BRDA:50,1,0,0
BRDA:50,1,1,0
BRDA:71,2,0,0
BRDA:71,2,1,0
BRDA:79,3,0,0
BRDA:79,3,1,0
BRDA:91,4,0,0
BRDA:91,4,1,0
BRDA:99,5,0,0
BRDA:99,5,1,0
BRF:14
BRH:0
end_of_record
TN:
SF:/Users/alex/code/javascript/IXWebApp/src/context/EtherBalanceContext.js
FN:14,etherBalanceReducer
FN:48,EtherBalanceProvider
FN:68,useEtherBalanceState
FN:78,useEtherBalanceDispatch
FN:88,getEtherBalance
FNF:5
FNH:0
FNDA:0,etherBalanceReducer
FNDA:0,EtherBalanceProvider
FNDA:0,useEtherBalanceState
FNDA:0,useEtherBalanceDispatch
FNDA:0,getEtherBalance
DA:5,0
DA:6,0
DA:8,0
DA:15,0
DA:17,0
DA:26,0
DA:35,0
DA:44,0
DA:50,0
DA:53,0
DA:59,0
DA:69,0
DA:70,0
DA:71,0
DA:75,0
DA:79,0
DA:80,0
DA:81,0
DA:85,0
DA:89,0
DA:90,0
DA:91,0
DA:92,0
DA:93,0
DA:94,0
DA:95,0
DA:100,0
DA:106,0
LF:28
LH:0
BRDA:15,0,0,0
BRDA:15,0,1,0
BRDA:15,0,2,0
BRDA:15,0,3,0
BRDA:50,1,0,0
BRDA:50,1,1,0
BRDA:70,2,0,0
BRDA:70,2,1,0
BRDA:80,3,0,0
BRDA:80,3,1,0
BRDA:94,4,0,0
BRDA:94,4,1,0
BRF:12
BRH:0
end_of_record
TN:
SF:/Users/alex/code/javascript/IXWebApp/src/context/ExchangeContext.js
FNF:0
FNH:0
LF:0
LH:0
BRF:0
BRH:0
end_of_record
TN:
SF:/Users/alex/code/javascript/IXWebApp/src/context/IdentityAuthorizerContext.js
FN:33,identityAuthorizerReducer
FN:48,IdentityAuthorizerProvider
FN:65,useIdentityAuthorzierState
FN:75,useIdentityAuthorizerDispatch
FNF:4
FNH:0
FNDA:0,identityAuthorizerReducer
FNDA:0,IdentityAuthorizerProvider
FNDA:0,useIdentityAuthorzierState
FNDA:0,useIdentityAuthorizerDispatch
DA:5,0
DA:6,0
DA:8,0
DA:10,0
DA:17,0
DA:19,0
DA:34,0
DA:36,0
DA:43,0
DA:50,0
DA:54,0
DA:56,0
DA:66,0
DA:67,0
DA:68,0
DA:72,0
DA:76,0
DA:77,0
DA:78,0
DA:82,0
LF:20
LH:0
BRDA:34,0,0,0
BRDA:34,0,1,0
BRDA:50,1,0,0
BRDA:50,1,1,0
BRDA:67,2,0,0
BRDA:67,2,1,0
BRDA:77,3,0,0
BRDA:77,3,1,0
BRF:8
BRH:0
end_of_record
TN:
SF:/Users/alex/code/javascript/IXWebApp/src/context/IdentityContext.js
FN:66,identityReducer
FN:208,IdentityProvider
FN:225,useIdentityState
FN:233,useIdentityDispatch
FN:244,getIdentity
FN:271,saveIdentity
FN:298,saveFinancials
FN:321,saveFile
FN:369,(anonymous_8)
FN:376,(anonymous_9)
FN:391,(anonymous_10)
FN:393,(anonymous_11)
FN:394,(anonymous_12)
FN:402,(anonymous_13)
FN:420,(anonymous_14)
FN:453,(anonymous_15)
FNF:16
FNH:0
FNDA:0,identityReducer
FNDA:0,IdentityProvider
FNDA:0,useIdentityState
FNDA:0,useIdentityDispatch
FNDA:0,getIdentity
FNDA:0,saveIdentity
FNDA:0,saveFinancials
FNDA:0,saveFile
FNDA:0,(anonymous_8)
FNDA:0,(anonymous_9)
FNDA:0,(anonymous_10)
FNDA:0,(anonymous_11)
FNDA:0,(anonymous_12)
FNDA:0,(anonymous_13)
FNDA:0,(anonymous_14)
FNDA:0,(anonymous_15)
DA:7,0
DA:8,0
DA:10,0
DA:43,0
DA:50,0
DA:52,0
DA:67,0
DA:69,0
DA:75,0
DA:82,0
DA:89,0
DA:95,0
DA:102,0
DA:109,0
DA:115,0
DA:117,0
DA:123,0
DA:129,0
DA:135,0
DA:141,0
DA:150,0
DA:159,0
DA:168,0
DA:178,0
DA:187,0
DA:196,0
DA:203,0
DA:210,0
DA:214,0
DA:216,0
DA:226,0
DA:227,0
DA:228,0
DA:230,0
DA:234,0
DA:235,0
DA:236,0
DA:240,0
DA:245,0
DA:247,0
DA:248,0
DA:250,0
DA:251,0
DA:253,0
DA:254,0
DA:262,0
DA:265,0
DA:266,0
DA:267,0
DA:272,0
DA:274,0
DA:275,0
DA:276,0
DA:277,0
DA:278,0
DA:280,0
DA:284,0
DA:285,0
DA:286,0
DA:287,0
DA:289,0
DA:292,0
DA:293,0
DA:294,0
DA:299,0
DA:301,0
DA:302,0
DA:303,0
DA:304,0
DA:305,0
DA:306,0
DA:307,0
DA:312,0
DA:315,0
DA:316,0
DA:317,0
DA:331,0
DA:332,0
DA:334,0
DA:335,0
DA:337,0
DA:338,0
DA:339,0
DA:341,0
DA:342,0
DA:344,0
DA:345,0
DA:346,0
DA:347,0
DA:356,0
DA:358,0
DA:360,0
DA:363,0
DA:364,0
DA:365,0
DA:369,0
DA:370,0
DA:371,0
DA:372,0
DA:373,0
DA:375,0
DA:376,0
DA:377,0
DA:378,0
DA:379,0
DA:382,0
DA:385,0
DA:386,0
DA:391,0
DA:392,0
DA:393,0
DA:395,0
DA:396,0
DA:397,0
DA:398,0
DA:399,0
DA:402,0
DA:403,0
DA:404,0
DA:405,0
DA:406,0
DA:407,0
DA:408,0
DA:409,0
DA:415,0
DA:416,0
DA:420,0
DA:426,0
DA:427,0
DA:428,0
DA:429,0
DA:434,0
DA:435,0
DA:436,0
DA:437,0
DA:442,0
DA:448,0
DA:449,0
DA:453,0
DA:454,0
DA:455,0
DA:456,0
DA:457,0
DA:458,0
DA:459,0
DA:464,0
DA:470,0
DA:471,0
LF:148
LH:0
BRDA:67,0,0,0
BRDA:67,0,1,0
BRDA:67,0,2,0
BRDA:67,0,3,0
BRDA:67,0,4,0
BRDA:67,0,5,0
BRDA:67,0,6,0
BRDA:67,0,7,0
BRDA:67,0,8,0
BRDA:67,0,9,0
BRDA:67,0,10,0
BRDA:67,0,11,0
BRDA:67,0,12,0
BRDA:67,0,13,0
BRDA:67,0,14,0
BRDA:67,0,15,0
BRDA:67,0,16,0
BRDA:67,0,17,0
BRDA:67,0,18,0
BRDA:67,0,19,0
BRDA:210,1,0,0
BRDA:210,1,1,0
BRDA:227,2,0,0
BRDA:227,2,1,0
BRDA:235,3,0,0
BRDA:235,3,1,0
BRDA:253,4,0,0
BRDA:253,4,1,0
BRDA:265,5,0,0
BRDA:265,5,1,0
BRDA:265,5,2,0
BRDA:275,6,0,0
BRDA:275,6,1,0
BRDA:276,7,0,0
BRDA:276,7,1,0
BRDA:280,8,0,0
BRDA:280,8,1,0
BRDA:285,9,0,0
BRDA:285,9,1,0
BRDA:286,10,0,0
BRDA:286,10,1,0
BRDA:292,11,0,0
BRDA:292,11,1,0
BRDA:292,11,2,0
BRDA:305,12,0,0
BRDA:305,12,1,0
BRDA:306,13,0,0
BRDA:306,13,1,0
BRDA:315,14,0,0
BRDA:315,14,1,0
BRDA:315,14,2,0
BRDA:345,15,0,0
BRDA:345,15,1,0
BRDA:349,16,0,0
BRDA:349,16,1,0
BRDA:363,17,0,0
BRDA:363,17,1,0
BRDA:363,17,2,0
BRDA:375,18,0,0
BRDA:375,18,1,0
BRDA:395,19,0,0
BRDA:395,19,1,0
BRDA:399,20,0,0
BRDA:399,20,1,0
BRDA:408,21,0,0
BRDA:408,21,1,0
BRDA:436,22,0,0
BRDA:436,22,1,0
BRDA:458,23,0,0
BRDA:458,23,1,0
BRF:70
BRH:0
end_of_record
TN:
SF:/Users/alex/code/javascript/IXWebApp/src/context/InvestContext.js
FN:49,investReducer
FN:136,InvestProvider
FN:153,useInvestState
FN:161,useInvestDispatch
FN:170,getDsoList
FN:195,getDso
FN:222,saveDso
FN:249,createDso
FNF:8
FNH:0
FNDA:0,investReducer
FNDA:0,InvestProvider
FNDA:0,useInvestState
FNDA:0,useInvestDispatch
FNDA:0,getDsoList
FNDA:0,getDso
FNDA:0,saveDso
FNDA:0,createDso
DA:6,0
DA:7,0
DA:9,0
DA:24,0
DA:36,0
DA:38,0
DA:50,0
DA:53,0
DA:59,0
DA:65,0
DA:73,0
DA:79,0
DA:85,0
DA:93,0
DA:99,0
DA:105,0
DA:113,0
DA:119,0
DA:125,0
DA:131,0
DA:138,0
DA:142,0
DA:144,0
DA:154,0
DA:155,0
DA:156,0
DA:158,0
DA:162,0
DA:163,0
DA:164,0
DA:166,0
DA:171,0
DA:172,0
DA:174,0
DA:175,0
DA:176,0
DA:177,0
DA:178,0
DA:179,0
DA:184,0
DA:190,0
DA:191,0
DA:196,0
DA:198,0
DA:199,0
DA:200,0
DA:201,0
DA:202,0
DA:204,0
DA:205,0
DA:210,0
DA:214,0
DA:217,0
DA:218,0
DA:223,0
DA:225,0
DA:226,0
DA:227,0
DA:228,0
DA:229,0
DA:230,0
DA:232,0
DA:237,0
DA:241,0
DA:244,0
DA:245,0
DA:250,0
DA:252,0
DA:253,0
DA:254,0
DA:255,0
DA:256,0
DA:257,0
DA:259,0
DA:264,0
DA:268,0
DA:271,0
DA:272,0
LF:78
LH:0
BRDA:50,0,0,0
BRDA:50,0,1,0
BRDA:50,0,2,0
BRDA:50,0,3,0
BRDA:50,0,4,0
BRDA:50,0,5,0
BRDA:50,0,6,0
BRDA:50,0,7,0
BRDA:50,0,8,0
BRDA:50,0,9,0
BRDA:50,0,10,0
BRDA:50,0,11,0
BRDA:50,0,12,0
BRDA:138,1,0,0
BRDA:138,1,1,0
BRDA:155,2,0,0
BRDA:155,2,1,0
BRDA:163,3,0,0
BRDA:163,3,1,0
BRDA:177,4,0,0
BRDA:177,4,1,0
BRDA:178,5,0,0
BRDA:178,5,1,0
BRDA:190,6,0,0
BRDA:190,6,1,0
BRDA:190,6,2,0
BRDA:204,7,0,0
BRDA:204,7,1,0
BRDA:217,8,0,0
BRDA:217,8,1,0
BRDA:217,8,2,0
BRDA:229,9,0,0
BRDA:229,9,1,0
BRDA:230,10,0,0
BRDA:230,10,1,0
BRDA:244,11,0,0
BRDA:244,11,1,0
BRDA:244,11,2,0
BRDA:256,12,0,0
BRDA:256,12,1,0
BRDA:257,13,0,0
BRDA:257,13,1,0
BRDA:271,14,0,0
BRDA:271,14,1,0
BRDA:271,14,2,0
BRF:45
BRH:0
end_of_record
TN:
SF:/Users/alex/code/javascript/IXWebApp/src/context/LayoutContext.js
FN:10,layoutReducer
FN:20,LayoutProvider
FN:31,useLayoutState
FN:39,useLayoutDispatch
FN:50,toggleSidebar
FNF:5
FNH:0
FNDA:0,layoutReducer
FNDA:0,LayoutProvider
FNDA:0,useLayoutState
FNDA:0,useLayoutDispatch
FNDA:0,toggleSidebar
DA:3,0
DA:4,0
DA:6,0
DA:11,0
DA:13,0
DA:15,0
DA:21,0
DA:22,0
DA:32,0
DA:33,0
DA:34,0
DA:36,0
DA:40,0
DA:41,0
DA:42,0
DA:44,0
DA:51,0
LF:17
LH:0
BRDA:11,0,0,0
BRDA:11,0,1,0
BRDA:33,1,0,0
BRDA:33,1,1,0
BRDA:41,2,0,0
BRDA:41,2,1,0
BRF:6
BRH:0
end_of_record
TN:
SF:/Users/alex/code/javascript/IXWebApp/src/context/ReadOnlyAbiContext.js
FN:14,readOnlyAbiReducer
FN:48,ReadOnlyAbiProvider
FN:68,useReadOnlyAbiState
FN:78,useReadOnlyAbiDispatch
FN:88,getReadOnlyAbi
FNF:5
FNH:0
FNDA:0,readOnlyAbiReducer
FNDA:0,ReadOnlyAbiProvider
FNDA:0,useReadOnlyAbiState
FNDA:0,useReadOnlyAbiDispatch
FNDA:0,getReadOnlyAbi
DA:5,0
DA:6,0
DA:8,0
DA:15,0
DA:17,0
DA:26,0
DA:35,0
DA:44,0
DA:50,0
DA:53,0
DA:59,0
DA:69,0
DA:70,0
DA:71,0
DA:75,0
DA:79,0
DA:80,0
DA:81,0
DA:85,0
DA:89,0
DA:90,0
DA:91,0
DA:92,0
DA:93,0
DA:94,0
DA:95,0
DA:100,0
DA:106,0
LF:28
LH:0
BRDA:15,0,0,0
BRDA:15,0,1,0
BRDA:15,0,2,0
BRDA:15,0,3,0
BRDA:50,1,0,0
BRDA:50,1,1,0
BRDA:70,2,0,0
BRDA:70,2,1,0
BRDA:80,3,0,0
BRDA:80,3,1,0
BRDA:94,4,0,0
BRDA:94,4,1,0
BRF:12
BRH:0
end_of_record
TN:
SF:/Users/alex/code/javascript/IXWebApp/src/context/TokenDeployContext.js
FN:14,tokenDeployReducer
FN:48,TokenDeployProvider
FN:69,useTokenDeployState
FN:79,useTokenDeployDispatch
FN:91,deployToken
FNF:5
FNH:0
FNDA:0,tokenDeployReducer
FNDA:0,TokenDeployProvider
FNDA:0,useTokenDeployState
FNDA:0,useTokenDeployDispatch
FNDA:0,deployToken
DA:5,0
DA:6,0
DA:8,0
DA:15,0
DA:17,0
DA:26,0
DA:35,0
DA:44,0
DA:50,0
DA:53,0
DA:60,0
DA:70,0
DA:71,0
DA:72,0
DA:76,0
DA:80,0
DA:81,0
DA:82,0
DA:88,0
DA:92,0
DA:94,0
DA:95,0
DA:96,0
DA:97,0
DA:99,0
DA:100,0
DA:105,0
DA:111,0
LF:28
LH:0
BRDA:15,0,0,0
BRDA:15,0,1,0
BRDA:15,0,2,0
BRDA:15,0,3,0
BRDA:50,1,0,0
BRDA:50,1,1,0
BRDA:71,2,0,0
BRDA:71,2,1,0
BRDA:81,3,0,0
BRDA:81,3,1,0
BRDA:99,4,0,0
BRDA:99,4,1,0
BRF:12
BRH:0
end_of_record
TN:
SF:/Users/alex/code/javascript/IXWebApp/src/context/TokenIssueContext.js
FN:14,tokenIssueReducer
FN:48,TokenIssueProvider
FN:69,useTokenIssueState
FN:77,useTokenIssueDispatch
FN:87,issueTokens
FNF:5
FNH:0
FNDA:0,tokenIssueReducer
FNDA:0,TokenIssueProvider
FNDA:0,useTokenIssueState
FNDA:0,useTokenIssueDispatch
FNDA:0,issueTokens
DA:5,0
DA:6,0
DA:8,0
DA:15,0
DA:17,0
DA:26,0
DA:35,0
DA:44,0
DA:50,0
DA:53,0
DA:60,0
DA:70,0
DA:71,0
DA:72,0
DA:74,0
DA:78,0
DA:79,0
DA:80,0
DA:84,0
DA:88,0
DA:89,0
DA:90,0
DA:91,0
DA:92,0
DA:93,0
DA:94,0
DA:99,0
DA:105,0
LF:28
LH:0
BRDA:15,0,0,0
BRDA:15,0,1,0
BRDA:15,0,2,0
BRDA:15,0,3,0
BRDA:50,1,0,0
BRDA:50,1,1,0
BRDA:71,2,0,0
BRDA:71,2,1,0
BRDA:79,3,0,0
BRDA:79,3,1,0
BRDA:93,4,0,0
BRDA:93,4,1,0
BRDA:101,5,0,0
BRDA:101,5,1,0
BRF:14
BRH:0
end_of_record
TN:
SF:/Users/alex/code/javascript/IXWebApp/src/context/TokenListContext.js
FN:14,tokenListReducer
FN:48,TokenListProvider
FN:68,useTokenListState
FN:76,useTokenListDispatch
FN:86,tokenList
FNF:5
FNH:0
FNDA:0,tokenListReducer
FNDA:0,TokenListProvider
FNDA:0,useTokenListState
FNDA:0,useTokenListDispatch
FNDA:0,tokenList
DA:5,0
DA:6,0
DA:8,0
DA:15,0
DA:17,0
DA:26,0
DA:35,0
DA:44,0
DA:50,0
DA:53,0
DA:59,0
DA:69,0
DA:70,0
DA:71,0
DA:73,0
DA:77,0
DA:78,0
DA:79,0
DA:83,0
DA:87,0
DA:88,0
DA:89,0
DA:90,0
DA:91,0
DA:92,0
DA:93,0
DA:98,0
DA:104,0
LF:28
LH:0
BRDA:15,0,0,0
BRDA:15,0,1,0
BRDA:15,0,2,0
BRDA:15,0,3,0
BRDA:50,1,0,0
BRDA:50,1,1,0
BRDA:70,2,0,0
BRDA:70,2,1,0
BRDA:78,3,0,0
BRDA:78,3,1,0
BRDA:92,4,0,0
BRDA:92,4,1,0
BRF:12
BRH:0
end_of_record
TN:
SF:/Users/alex/code/javascript/IXWebApp/src/context/TokenTransferContext.js
FN:14,tokenTransferReducer
FN:48,TokenTransferProvider
FN:68,useTokenTransferState
FN:78,useTokenTransferDispatch
FN:88,getTokenTransfer
FNF:5
FNH:0
FNDA:0,tokenTransferReducer
FNDA:0,TokenTransferProvider
FNDA:0,useTokenTransferState
FNDA:0,useTokenTransferDispatch
FNDA:0,getTokenTransfer
DA:5,0
DA:6,0
DA:8,0
DA:15,0
DA:17,0
DA:26,0
DA:35,0
DA:44,0
DA:50,0
DA:53,0
DA:59,0
DA:69,0
DA:70,0
DA:71,0
DA:75,0
DA:79,0
DA:80,0
DA:81,0
DA:85,0
DA:89,0
DA:90,0
DA:91,0
DA:92,0
DA:93,0
DA:94,0
DA:95,0
DA:100,0
DA:106,0
LF:28
LH:0
BRDA:15,0,0,0
BRDA:15,0,1,0
BRDA:15,0,2,0
BRDA:15,0,3,0
BRDA:50,1,0,0
BRDA:50,1,1,0
BRDA:70,2,0,0
BRDA:70,2,1,0
BRDA:80,3,0,0
BRDA:80,3,1,0
BRDA:94,4,0,0
BRDA:94,4,1,0
BRF:12
BRH:0
end_of_record
TN:
SF:/Users/alex/code/javascript/IXWebApp/src/context/TransactionInfoContext.js
FN:14,transactionInfoReducer
FN:48,TransactionInfoProvider
FN:69,useTransactionInfoState
FN:79,useTransactionInfoDispatch
FN:89,getTransactionInfo
FNF:5
FNH:0
FNDA:0,transactionInfoReducer
FNDA:0,TransactionInfoProvider
FNDA:0,useTransactionInfoState
FNDA:0,useTransactionInfoDispatch
FNDA:0,getTransactionInfo
DA:5,0
DA:6,0
DA:8,0
DA:15,0
DA:17,0
DA:26,0
DA:35,0
DA:44,0
DA:50,0
DA:53,0
DA:60,0
DA:70,0
DA:71,0
DA:72,0
DA:76,0
DA:80,0
DA:81,0
DA:82,0
DA:86,0
DA:90,0
DA:91,0
DA:92,0
DA:94,0
DA:95,0
DA:96,0
DA:98,0
DA:99,0
DA:101,0
DA:102,0
DA:103,0
DA:108,0
DA:116,0
DA:117,0
LF:33
LH:0
BRDA:15,0,0,0
BRDA:15,0,1,0
BRDA:15,0,2,0
BRDA:15,0,3,0
BRDA:50,1,0,0
BRDA:50,1,1,0
BRDA:71,2,0,0
BRDA:71,2,1,0
BRDA:81,3,0,0
BRDA:81,3,1,0
BRDA:94,4,0,0
BRDA:94,4,1,0
BRDA:102,5,0,0
BRDA:102,5,1,0
BRF:14
BRH:0
end_of_record
TN:
SF:/Users/alex/code/javascript/IXWebApp/src/context/assets/actions.js
FN:3,setAssetType
FN:19,getAssets
FNF:2
FNH:0
FNDA:0,setAssetType
FNDA:0,getAssets
DA:10,0
DA:11,0
DA:28,0
DA:30,0
DA:31,0
DA:32,0
DA:33,0
DA:40,0
DA:42,0
DA:43,0
DA:44,0
DA:47,0
DA:48,0
DA:57,0
DA:63,0
DA:64,0
LF:16
LH:0
BRDA:10,0,0,0
BRDA:10,0,1,0
BRDA:28,1,0,0
BRDA:28,1,1,0
BRDA:40,2,0,0
BRDA:40,2,1,0
BRDA:42,3,0,0
BRDA:42,3,1,0
BRDA:44,4,0,0
BRDA:44,4,1,0
BRDA:47,5,0,0
BRDA:47,5,1,0
BRDA:53,6,0,0
BRDA:53,6,1,0
BRF:14
BRH:0
end_of_record
TN:
SF:/Users/alex/code/javascript/IXWebApp/src/context/assets/index.js
FN:11,useAssetsState
FN:20,useAssetsDispatch
FN:29,AssetsProvider
FNF:3
FNH:0
FNDA:0,useAssetsState
FNDA:0,useAssetsDispatch
FNDA:0,AssetsProvider
DA:8,0
DA:9,0
DA:12,0
DA:13,0
DA:14,0
DA:17,0
DA:21,0
DA:22,0
DA:23,0
DA:26,0
DA:31,0
DA:35,0
DA:37,0
LF:13
LH:0
BRDA:13,0,0,0
BRDA:13,0,1,0
BRDA:22,1,0,0
BRDA:22,1,1,0
BRDA:31,2,0,0
BRDA:31,2,1,0
BRF:6
BRH:0
end_of_record
TN:
SF:/Users/alex/code/javascript/IXWebApp/src/context/assets/reducers.js
FN:3,assetsReducer
FNF:1
FNH:0
FNDA:0,assetsReducer
DA:4,0
DA:6,0
DA:12,0
DA:20,0
DA:26,0
DA:33,0
LF:6
LH:0
BRDA:4,0,0,0
BRDA:4,0,1,0
BRDA:4,0,2,0
BRDA:4,0,3,0
BRDA:4,0,4,0
BRF:5
BRH:0
end_of_record
TN:
SF:/Users/alex/code/javascript/IXWebApp/src/context/assets/state.js
FNF:0
FNH:0
DA:3,0
LF:1
LH:0
BRF:0
BRH:0
end_of_record
TN:
SF:/Users/alex/code/javascript/IXWebApp/src/context/balance/personal/actions.js
FNF:0
FNH:0
DA:5,0
LF:1
LH:0
BRF:0
BRH:0
end_of_record
TN:
SF:/Users/alex/code/javascript/IXWebApp/src/context/balance/personal/index.js
FNF:0
FNH:0
DA:4,0
LF:1
LH:0
BRF:0
BRH:0
end_of_record
TN:
SF:/Users/alex/code/javascript/IXWebApp/src/context/base/actions.js
FN:4,uploadFile
FN:44,(anonymous_1)
FN:49,(anonymous_2)
FNF:3
FNH:0
FNDA:0,uploadFile
FNDA:0,(anonymous_1)
FNDA:0,(anonymous_2)
DA:18,0
DA:20,0
DA:21,0
DA:23,0
DA:24,0
DA:25,0
DA:27,0
DA:28,0
DA:30,0
DA:31,0
DA:32,0
DA:34,0
DA:37,0
DA:39,0
DA:40,0
DA:44,0
DA:45,0
DA:46,0
DA:48,0
DA:49,0
DA:50,0
DA:51,0
DA:53,0
DA:56,0
DA:58,0
LF:25
LH:0
BRDA:31,0,0,0
BRDA:31,0,1,0
BRDA:39,1,0,0
BRDA:39,1,1,0
BRDA:39,1,2,0
BRDA:48,2,0,0
BRDA:48,2,1,0
BRF:7
BRH:0
end_of_record
TN:
SF:/Users/alex/code/javascript/IXWebApp/src/context/base/authorizer/actions.js
FN:4,uploadFile
FN:44,(anonymous_1)
FN:49,(anonymous_2)
FNF:3
FNH:0
FNDA:0,uploadFile
FNDA:0,(anonymous_1)
FNDA:0,(anonymous_2)
DA:18,0
DA:20,0
DA:21,0
DA:23,0
DA:24,0
DA:25,0
DA:27,0
DA:28,0
DA:30,0
DA:31,0
DA:32,0
DA:34,0
DA:37,0
DA:39,0
DA:40,0
DA:44,0
DA:45,0
DA:46,0
DA:48,0
DA:49,0
DA:50,0
DA:51,0
DA:53,0
DA:56,0
DA:58,0
LF:25
LH:0
BRDA:31,0,0,0
BRDA:31,0,1,0
BRDA:39,1,0,0
BRDA:39,1,1,0
BRDA:39,1,2,0
BRDA:48,2,0,0
BRDA:48,2,1,0
BRF:7
BRH:0
end_of_record
TN:
SF:/Users/alex/code/javascript/IXWebApp/src/context/base/withPagination/actions.js
FN:4,(anonymous_0)
FN:8,getter
FN:59,setPage
FN:63,setRowsPerPage
FN:70,clearBaseData
FN:76,clearApiStatus
FNF:6
FNH:0
FNDA:0,(anonymous_0)
FNDA:0,getter
FNDA:0,setPage
FNDA:0,setRowsPerPage
FNDA:0,clearBaseData
FNDA:0,clearApiStatus
DA:5,0
DA:6,0
DA:9,0
DA:11,0
DA:12,0
DA:13,0
DA:20,0
DA:21,0
DA:22,0
DA:23,0
DA:27,0
DA:37,0
DA:42,0
DA:43,0
DA:46,0
DA:52,0
DA:60,0
DA:64,0
DA:71,0
DA:77,0
DA:82,0
LF:21
LH:0
BRDA:9,0,0,0
BRDA:9,0,1,0
BRDA:21,1,0,0
BRDA:21,1,1,0
BRDA:22,2,0,0
BRDA:22,2,1,0
BRDA:23,3,0,0
BRDA:23,3,1,0
BRDA:32,4,0,0
BRDA:32,4,1,0
BRDA:42,5,0,0
BRDA:42,5,1,0
BRF:12
BRH:0
end_of_record
TN:
SF:/Users/alex/code/javascript/IXWebApp/src/context/base/withPagination/index.js
FN:8,generateModule
FN:18,useState
FN:29,useDispatch
FN:40,Provider
FNF:4
FNH:0
FNDA:0,generateModule
FNDA:0,useState
FNDA:0,useDispatch
FNDA:0,Provider
DA:9,0
DA:10,0
DA:11,0
DA:13,0
DA:14,0
DA:16,0
DA:19,0
DA:20,0
DA:21,0
DA:26,0
DA:30,0
DA:31,0
DA:32,0
DA:37,0
DA:42,0
DA:44,0
DA:46,0
DA:55,0
LF:18
LH:0
BRDA:20,0,0,0
BRDA:20,0,1,0
BRDA:31,1,0,0
BRDA:31,1,1,0
BRDA:42,2,0,0
BRDA:42,2,1,0
BRF:6
BRH:0
end_of_record
TN:
SF:/Users/alex/code/javascript/IXWebApp/src/context/base/withPagination/reducers.js
FN:3,generateReducers
FN:8,(anonymous_1)
FNF:2
FNH:0
FNDA:0,generateReducers
FNDA:0,(anonymous_1)
DA:8,0
DA:9,0
DA:10,0
DA:12,0
DA:14,0
DA:21,0
DA:30,0
DA:38,0
DA:44,0
DA:49,0
DA:58,0
DA:65,0
DA:66,0
DA:69,0
DA:73,0
LF:15
LH:0
BRDA:10,0,0,0
BRDA:10,0,1,0
BRDA:10,0,2,0
BRDA:12,1,0,0
BRDA:12,1,1,0
BRDA:12,1,2,0
BRDA:12,1,3,0
BRDA:12,1,4,0
BRDA:12,1,5,0
BRDA:12,1,6,0
BRDA:12,1,7,0
BRDA:41,2,0,0
BRDA:41,2,1,0
BRDA:65,3,0,0
BRDA:65,3,1,0
BRF:15
BRH:0
end_of_record
TN:
SF:/Users/alex/code/javascript/IXWebApp/src/context/base/withPagination/state.js
FN:5,generateInitialState
FNF:1
FNH:0
FNDA:0,generateInitialState
DA:3,0
DA:6,0
LF:2
LH:0
BRF:0
BRH:0
end_of_record
TN:
SF:/Users/alex/code/javascript/IXWebApp/src/context/user/actions.js
FN:5,loginUser
FN:44,signupUser
FN:70,setActiveTabId
FN:74,signOut
FN:89,verifySignup
FN:113,getUser
FNF:6
FNH:0
FNDA:0,loginUser
FNDA:0,signupUser
FNDA:0,setActiveTabId
FNDA:0,signOut
FNDA:0,verifySignup
FNDA:0,getUser
DA:9,0
DA:10,0
DA:11,0
DA:12,0
DA:13,0
DA:14,0
DA:22,0
DA:23,0
DA:24,0
DA:25,0
DA:33,0
DA:35,0
DA:38,0
DA:39,0
DA:40,0
DA:48,0
DA:49,0
DA:50,0
DA:51,0
DA:52,0
DA:54,0
DA:55,0
DA:56,0
DA:58,0
DA:64,0
DA:65,0
DA:66,0
DA:71,0
DA:75,0
DA:76,0
DA:78,0
DA:80,0
DA:81,0
DA:82,0
DA:86,0
DA:93,0
DA:94,0
DA:95,0
DA:96,0
DA:97,0
DA:98,0
DA:103,0
DA:109,0
DA:114,0
DA:115,0
DA:116,0
DA:117,0
DA:118,0
DA:119,0
DA:120,0
DA:121,0
DA:126,0
DA:127,0
DA:130,0
DA:131,0
LF:55
LH:0
BRDA:14,0,0,0
BRDA:14,0,1,0
BRDA:54,1,0,0
BRDA:54,1,1,0
BRDA:80,2,0,0
BRDA:80,2,1,0
BRDA:97,3,0,0
BRDA:97,3,1,0
BRDA:118,4,0,0
BRDA:118,4,1,0
BRF:10
BRH:0
end_of_record
TN:
SF:/Users/alex/code/javascript/IXWebApp/src/context/user/index.js
FN:9,useUserState
FN:18,useUserDispatch
FN:27,UserProvider
FNF:3
FNH:0
FNDA:0,useUserState
FNDA:0,useUserDispatch
FNDA:0,UserProvider
DA:6,0
DA:7,0
DA:10,0
DA:11,0
DA:12,0
DA:15,0
DA:19,0
DA:20,0
DA:21,0
DA:24,0
DA:29,0
DA:30,0
DA:32,0
LF:13
LH:0
BRDA:11,0,0,0
BRDA:11,0,1,0
BRDA:20,1,0,0
BRDA:20,1,1,0
BRDA:29,2,0,0
BRDA:29,2,1,0
BRF:6
BRH:0
end_of_record
TN:
SF:/Users/alex/code/javascript/IXWebApp/src/context/user/reducers.js
FN:4,userReducer
FNF:1
FNH:0
FNDA:0,userReducer
DA:5,0
DA:7,0
DA:16,0
DA:26,0
DA:34,0
DA:42,0
DA:50,0
DA:58,0
DA:63,0
DA:70,0
DA:78,0
DA:85,0
DA:92,0
DA:100,0
DA:108,0
DA:116,0
DA:118,0
DA:120,0
DA:123,0
DA:125,0
DA:127,0
DA:130,0
DA:132,0
DA:134,0
DA:137,0
LF:25
LH:0
BRDA:5,0,0,0
BRDA:5,0,1,0
BRDA:5,0,2,0
BRDA:5,0,3,0
BRDA:5,0,4,0
BRDA:5,0,5,0
BRDA:5,0,6,0
BRDA:5,0,7,0
BRDA:5,0,8,0
BRDA:5,0,9,0
BRDA:5,0,10,0
BRDA:5,0,11,0
BRDA:5,0,12,0
BRDA:5,0,13,0
BRDA:5,0,14,0
BRDA:5,0,15,0
BRDA:5,0,16,0
BRDA:5,0,17,0
BRDA:5,0,18,0
BRDA:5,0,19,0
BRDA:5,0,20,0
BRDA:5,0,21,0
BRDA:5,0,22,0
BRDA:5,0,23,0
BRF:24
BRH:0
end_of_record
TN:
SF:/Users/alex/code/javascript/IXWebApp/src/context/user/state.js
FNF:0
FNH:0
DA:6,0
LF:1
LH:0
BRF:0
BRH:0
end_of_record
TN:
SF:/Users/alex/code/javascript/IXWebApp/src/helpers/arrToOpts.js
FN:1,arrToOpts
FN:2,(anonymous_1)
FNF:2
FNH:0
FNDA:0,arrToOpts
FNDA:0,(anonymous_1)
DA:2,0
LF:1
LH:0
BRF:0
BRH:0
end_of_record
TN:
SF:/Users/alex/code/javascript/IXWebApp/src/helpers/formatNumbers.js
FN:4,(anonymous_0)
FN:8,(anonymous_1)
FN:14,(anonymous_2)
FNF:3
FNH:0
FNDA:0,(anonymous_0)
FNDA:0,(anonymous_1)
FNDA:0,(anonymous_2)
DA:4,0
DA:5,0
DA:8,0
DA:9,0
DA:14,0
LF:5
LH:0
BRDA:4,0,0,0
BRDA:5,1,0,0
BRDA:5,1,1,0
BRF:3
BRH:0
end_of_record
TN:
SF:/Users/alex/code/javascript/IXWebApp/src/hooks/usePrevious.js
FN:3,usePrevious
FN:9,(anonymous_1)
FNF:2
FNH:0
FNDA:0,usePrevious
FNDA:0,(anonymous_1)
DA:6,0
DA:9,0
DA:10,0
DA:14,0
LF:4
LH:0
BRF:0
BRH:0
end_of_record
TN:
SF:/Users/alex/code/javascript/IXWebApp/src/hooks/useQuery.js
FN:5,(anonymous_0)
FNF:1
FNH:0
FNDA:0,(anonymous_0)
DA:6,0
LF:1
LH:0
BRF:0
BRH:0
end_of_record
TN:
SF:/Users/alex/code/javascript/IXWebApp/src/hooks/useRedirectTo2faSetup.js
FN:9,useRedirectTo2faSetup
FNF:1
FNH:0
FNDA:0,useRedirectTo2faSetup
DA:10,0
DA:11,0
DA:12,0
DA:14,0
DA:15,0
DA:18,0
LF:6
LH:0
BRDA:10,0,0,0
BRDA:10,1,0,0
BRDA:14,2,0,0
BRDA:14,2,1,0
BRDA:14,3,0,0
BRDA:14,3,1,0
BRDA:15,4,0,0
BRDA:15,4,1,0
BRF:8
BRH:0
end_of_record
TN:
SF:/Users/alex/code/javascript/IXWebApp/src/mock/data.js
FN:1,useMockExchangeData
FNF:1
FNH:0
FNDA:0,useMockExchangeData
DA:2,0
DA:408,0
LF:2
LH:0
BRF:0
BRH:0
end_of_record
TN:
SF:/Users/alex/code/javascript/IXWebApp/src/pages/dashboard/Dashboard.js
FN:14,Dashboard
FNF:1
FNH:0
FNDA:0,Dashboard
DA:16,0
LF:1
LH:0
BRF:0
BRH:0
end_of_record
TN:
SF:/Users/alex/code/javascript/IXWebApp/src/pages/dashboard/components/Balances.js
FN:16,(anonymous_0)
FN:26,createData
FN:30,(anonymous_2)
FN:45,Balances
FN:62,(anonymous_4)
FNF:5
FNH:0
FNDA:0,(anonymous_0)
FNDA:0,createData
FNDA:0,(anonymous_2)
FNDA:0,Balances
FNDA:0,(anonymous_4)
DA:16,0
DA:27,0
DA:30,0
DA:37,0
DA:39,0
DA:46,0
DA:48,0
DA:63,0
LF:8
LH:0
BRF:0
BRH:0
end_of_record
TN:
SF:/Users/alex/code/javascript/IXWebApp/src/pages/dashboard/components/BlockchainData.js
FN:5,BlockchainData
FNF:1
FNH:0
FNDA:0,BlockchainData
DA:6,0
LF:1
LH:0
BRF:0
BRH:0
end_of_record
TN:
SF:/Users/alex/code/javascript/IXWebApp/src/pages/dashboard/components/ExchangeStats.js
FN:5,ExchangeStats
FNF:1
FNH:0
FNDA:0,ExchangeStats
DA:6,0
LF:1
LH:0
BRF:0
BRH:0
end_of_record
TN:
SF:/Users/alex/code/javascript/IXWebApp/src/pages/dashboard/components/IdentityProgress.js
FN:5,IdentityProgress
FNF:1
FNH:0
FNDA:0,IdentityProgress
DA:6,0
LF:1
LH:0
BRF:0
BRH:0
end_of_record
TN:
SF:/Users/alex/code/javascript/IXWebApp/src/pages/dashboard/components/Markets.js
FN:5,Markets
FNF:1
FNH:0
FNDA:0,Markets
DA:6,0
LF:1
LH:0
BRF:0
BRH:0
end_of_record
TN:
SF:/Users/alex/code/javascript/IXWebApp/src/pages/dashboard/components/NewsFeed.js
FN:5,NewsFeed
FNF:1
FNH:0
FNDA:0,NewsFeed
DA:6,0
LF:1
LH:0
BRF:0
BRH:0
end_of_record
TN:
SF:/Users/alex/code/javascript/IXWebApp/src/pages/dashboard/components/OpenOrders.js
FN:5,OpenOrders
FNF:1
FNH:0
FNDA:0,OpenOrders
DA:6,0
LF:1
LH:0
BRF:0
BRH:0
end_of_record
TN:
SF:/Users/alex/code/javascript/IXWebApp/src/pages/dashboard/components/Trades.js
FN:5,Trades
FNF:1
FNH:0
FNDA:0,Trades
DA:6,0
LF:1
LH:0
BRF:0
BRH:0
end_of_record
TN:
SF:/Users/alex/code/javascript/IXWebApp/src/pages/dashboard/components/Transactions.js
FN:5,Transactions
FNF:1
FNH:0
FNDA:0,Transactions
DA:6,0
LF:1
LH:0
BRF:0
BRH:0
end_of_record
TN:
SF:/Users/alex/code/javascript/IXWebApp/src/pages/exchange/Exchange.js
FN:16,Exchange
FN:62,useExchangeLogic
FNF:2
FNH:0
FNDA:0,Exchange
FNDA:0,useExchangeLogic
DA:17,0
DA:19,0
DA:20,0
DA:63,0
DA:64,0
DA:66,0
LF:6
LH:0
BRF:0
BRH:0
end_of_record
TN:
SF:/Users/alex/code/javascript/IXWebApp/src/pages/exchange/styles.js
FN:3,(anonymous_0)
FNF:1
FNH:0
FNDA:0,(anonymous_0)
DA:3,0
LF:1
LH:0
BRF:0
BRH:0
end_of_record
TN:
SF:/Users/alex/code/javascript/IXWebApp/src/pages/exchange/utils.js
FN:2,(anonymous_0)
FNF:1
FNH:0
FNDA:0,(anonymous_0)
DA:3,0
LF:1
LH:0
BRF:0
BRH:0
end_of_record
TN:
SF:/Users/alex/code/javascript/IXWebApp/src/pages/exchange/components/Balances/Balances.js
FN:24,Balances
FN:52,useBalancesLogic
FN:57,(anonymous_2)
FN:64,BalancesTab
FN:92,useTabsTemplate
FN:96,(anonymous_5)
FN:129,TabPanel
FN:152,a11yProps
FNF:8
FNH:0
FNDA:0,Balances
FNDA:0,useBalancesLogic
FNDA:0,(anonymous_2)
FNDA:0,BalancesTab
FNDA:0,useTabsTemplate
FNDA:0,(anonymous_5)
FNDA:0,TabPanel
FNDA:0,a11yProps
DA:25,0
DA:27,0
DA:53,0
DA:54,0
DA:55,0
DA:57,0
DA:58,0
DA:61,0
DA:65,0
DA:66,0
DA:67,0
DA:93,0
DA:94,0
DA:96,0
DA:97,0
DA:98,0
DA:99,0
DA:102,0
DA:125,0
DA:130,0
DA:132,0
DA:146,0
DA:153,0
LF:23
LH:0
BRDA:85,0,0,0
BRDA:85,0,1,0
BRDA:99,1,0,0
BRDA:99,1,1,0
BRDA:141,2,0,0
BRDA:141,2,1,0
BRF:6
BRH:0
end_of_record
TN:
SF:/Users/alex/code/javascript/IXWebApp/src/pages/exchange/components/Diligence/Diligence.js
FN:17,TabPanel
FN:40,a11yProps
FN:47,Diligence
FN:80,Overview
FN:84,Team
FN:87,(anonymous_5)
FN:135,Dataroom
FN:136,(anonymous_7)
FN:147,useTradesLogic
FN:152,(anonymous_9)
FNF:10
FNH:0
FNDA:0,TabPanel
FNDA:0,a11yProps
FNDA:0,Diligence
FNDA:0,Overview
FNDA:0,Team
FNDA:0,(anonymous_5)
FNDA:0,Dataroom
FNDA:0,(anonymous_7)
FNDA:0,useTradesLogic
FNDA:0,(anonymous_9)
DA:18,0
DA:20,0
DA:34,0
DA:41,0
DA:48,0
DA:50,0
DA:81,0
DA:85,0
DA:87,0
DA:88,0
DA:128,0
DA:136,0
DA:137,0
DA:144,0
DA:148,0
DA:149,0
DA:150,0
DA:152,0
DA:153,0
DA:156,0
LF:20
LH:0
BRDA:29,0,0,0
BRDA:29,0,1,0
BRF:2
BRH:0
end_of_record
TN:
SF:/Users/alex/code/javascript/IXWebApp/src/pages/exchange/components/ExchangeTable/DateFilter.js
FN:13,(anonymous_0)
FN:21,(anonymous_1)
FN:26,(anonymous_2)
FNF:3
FNH:0
FNDA:0,(anonymous_0)
FNDA:0,(anonymous_1)
FNDA:0,(anonymous_2)
DA:11,0
DA:13,0
DA:14,0
DA:17,0
DA:19,0
DA:21,0
DA:22,0
DA:23,0
DA:26,0
DA:27,0
DA:28,0
DA:31,0
LF:12
LH:0
BRF:0
BRH:0
end_of_record
TN:
SF:/Users/alex/code/javascript/IXWebApp/src/pages/exchange/components/ExchangeTable/DropdownFilter.js
FN:14,(anonymous_0)
FN:30,(anonymous_1)
FN:37,(anonymous_2)
FN:55,(anonymous_3)
FN:71,(anonymous_4)
FNF:5
FNH:0
FNDA:0,(anonymous_0)
FNDA:0,(anonymous_1)
FNDA:0,(anonymous_2)
FNDA:0,(anonymous_3)
FNDA:0,(anonymous_4)
DA:14,0
DA:15,0
DA:16,0
DA:17,0
DA:19,0
DA:30,0
DA:31,0
DA:32,0
DA:34,0
DA:37,0
DA:38,0
DA:39,0
DA:41,0
DA:44,0
DA:56,0
DA:72,0
LF:16
LH:0
BRDA:17,0,0,0
BRF:1
BRH:0
end_of_record
TN:
SF:/Users/alex/code/javascript/IXWebApp/src/pages/exchange/components/ExchangeTable/Pagination.js
FN:14,(anonymous_0)
FN:19,(anonymous_1)
FN:23,(anonymous_2)
FN:27,(anonymous_3)
FN:31,(anonymous_4)
FNF:5
FNH:0
FNDA:0,(anonymous_0)
FNDA:0,(anonymous_1)
FNDA:0,(anonymous_2)
FNDA:0,(anonymous_3)
FNDA:0,(anonymous_4)
DA:14,0
DA:15,0
DA:16,0
DA:17,0
DA:19,0
DA:20,0
DA:23,0
DA:24,0
DA:27,0
DA:28,0
DA:31,0
DA:32,0
DA:35,0
LF:13
LH:0
BRDA:42,0,0,0
BRDA:42,0,1,0
BRDA:49,1,0,0
BRDA:49,1,1,0
BRDA:60,2,0,0
BRDA:60,2,1,0
BRDA:71,3,0,0
BRDA:71,3,1,0
BRF:8
BRH:0
end_of_record
TN:
SF:/Users/alex/code/javascript/IXWebApp/src/pages/exchange/components/ExchangeTable/styles.js
FN:14,(anonymous_0)
FNF:1
FNH:0
FNDA:0,(anonymous_0)
DA:3,0
DA:14,0
LF:2
LH:0
BRF:0
BRH:0
end_of_record
TN:
SF:/Users/alex/code/javascript/IXWebApp/src/pages/exchange/components/ExchangeTable/ListingTable/TableListings.js
FN:51,(anonymous_0)
FN:56,(anonymous_1)
FN:83,ExchangeTable
FN:93,(anonymous_3)
FN:97,(anonymous_4)
FN:102,(anonymous_5)
FN:121,(anonymous_6)
FN:137,(anonymous_7)
FNF:8
FNH:0
FNDA:0,(anonymous_0)
FNDA:0,(anonymous_1)
FNDA:0,ExchangeTable
FNDA:0,(anonymous_3)
FNDA:0,(anonymous_4)
FNDA:0,(anonymous_5)
FNDA:0,(anonymous_6)
FNDA:0,(anonymous_7)
DA:28,0
DA:30,0
DA:32,0
DA:51,0
DA:52,0
DA:54,0
DA:57,0
DA:84,0
DA:85,0
DA:87,0
DA:88,0
DA:89,0
DA:91,0
DA:93,0
DA:94,0
DA:97,0
DA:98,0
DA:99,0
DA:102,0
DA:103,0
DA:110,0
DA:122,0
DA:139,0
LF:23
LH:0
BRDA:117,0,0,0
BRDA:117,0,1,0
BRDA:129,1,0,0
BRDA:129,1,1,0
BRDA:129,1,2,0
BRF:5
BRH:0
end_of_record
TN:
SF:/Users/alex/code/javascript/IXWebApp/src/pages/exchange/components/ExchangeTable/ListingTable/index.js
FN:7,(anonymous_0)
FNF:1
FNH:0
FNDA:0,(anonymous_0)
DA:5,0
DA:7,0
DA:8,0
LF:3
LH:0
BRF:0
BRH:0
end_of_record
TN:
SF:/Users/alex/code/javascript/IXWebApp/src/pages/exchange/components/ExchangeTable/ListingTable/modules/actions.js
FNF:0
FNH:0
DA:4,0
LF:1
LH:0
BRF:0
BRH:0
end_of_record
TN:
SF:/Users/alex/code/javascript/IXWebApp/src/pages/exchange/components/ExchangeTable/ListingTable/modules/index.js
FNF:0
FNH:0
DA:4,0
LF:1
LH:0
BRF:0
BRH:0
end_of_record
TN:
SF:/Users/alex/code/javascript/IXWebApp/src/pages/exchange/components/ExchangeTable/ListingView/ListingView.js
FN:30,(anonymous_0)
FN:33,(anonymous_1)
FN:72,(anonymous_2)
FN:92,ListingsView
FN:101,(anonymous_4)
FNF:5
FNH:0
FNDA:0,(anonymous_0)
FNDA:0,(anonymous_1)
FNDA:0,(anonymous_2)
FNDA:0,ListingsView
FNDA:0,(anonymous_4)
DA:28,0
DA:30,0
DA:31,0
DA:32,0
DA:33,0
DA:34,0
DA:36,0
DA:37,0
DA:38,0
DA:39,0
DA:41,0
DA:72,0
DA:93,0
DA:94,0
DA:95,0
DA:96,0
DA:98,0
DA:99,0
DA:101,0
DA:103,0
DA:107,0
LF:21
LH:0
BRDA:36,0,0,0
BRDA:36,0,1,0
BRDA:37,1,0,0
BRDA:37,1,1,0
BRDA:37,1,2,0
BRDA:38,2,0,0
BRDA:38,2,1,0
BRDA:38,2,2,0
BRDA:39,3,0,0
BRDA:39,3,1,0
BRDA:98,4,0,0
BRDA:98,4,1,0
BRDA:99,5,0,0
BRDA:99,5,1,0
BRDA:109,6,0,0
BRDA:109,6,1,0
BRF:16
BRH:0
end_of_record
TN:
SF:/Users/alex/code/javascript/IXWebApp/src/pages/exchange/components/ExchangeTable/ListingView/index.js
FN:6,(anonymous_0)
FNF:1
FNH:0
FNDA:0,(anonymous_0)
DA:4,0
DA:6,0
DA:7,0
LF:3
LH:0
BRF:0
BRH:0
end_of_record
TN:
SF:/Users/alex/code/javascript/IXWebApp/src/pages/exchange/components/ExchangeTable/ListingView/styles.js
FN:3,(anonymous_0)
FNF:1
FNH:0
FNDA:0,(anonymous_0)
DA:3,0
LF:1
LH:0
BRF:0
BRH:0
end_of_record
TN:
SF:/Users/alex/code/javascript/IXWebApp/src/pages/exchange/components/ExchangeTable/ListingView/modules/actions.js
FN:4,getListItem
FNF:1
FNH:0
FNDA:0,getListItem
DA:5,0
DA:6,0
DA:8,0
DA:9,0
DA:10,0
DA:12,0
DA:13,0
DA:18,0
DA:20,0
DA:23,0
DA:25,0
DA:29,0
LF:12
LH:0
BRDA:12,0,0,0
BRDA:12,0,1,0
BRF:2
BRH:0
end_of_record
TN:
SF:/Users/alex/code/javascript/IXWebApp/src/pages/exchange/components/ExchangeTable/ListingView/modules/index.js
FN:11,ListViewState
FN:20,useListViewDispatch
FN:31,ListViewProvider
FNF:3
FNH:0
FNDA:0,ListViewState
FNDA:0,useListViewDispatch
FNDA:0,ListViewProvider
DA:8,0
DA:9,0
DA:12,0
DA:13,0
DA:14,0
DA:17,0
DA:21,0
DA:22,0
DA:23,0
DA:28,0
DA:33,0
DA:36,0
DA:38,0
LF:13
LH:0
BRDA:13,0,0,0
BRDA:13,0,1,0
BRDA:22,1,0,0
BRDA:22,1,1,0
BRDA:33,2,0,0
BRDA:33,2,1,0
BRF:6
BRH:0
end_of_record
TN:
SF:/Users/alex/code/javascript/IXWebApp/src/pages/exchange/components/ExchangeTable/ListingView/modules/reducers.js
FN:1,listViewReducer
FNF:1
FNH:0
FNDA:0,listViewReducer
DA:2,0
DA:4,0
DA:12,0
DA:20,0
DA:28,0
LF:5
LH:0
BRDA:2,0,0,0
BRDA:2,0,1,0
BRDA:2,0,2,0
BRDA:2,0,3,0
BRF:4
BRH:0
end_of_record
TN:
SF:/Users/alex/code/javascript/IXWebApp/src/pages/exchange/components/ExchangeTable/ListingView/modules/state.js
FNF:0
FNH:0
DA:3,0
LF:1
LH:0
BRF:0
BRH:0
end_of_record
TN:
SF:/Users/alex/code/javascript/IXWebApp/src/pages/exchange/components/ExchangeTable/MarketListingTable/TableMarketListings.js
FN:70,(anonymous_0)
FN:75,(anonymous_1)
FN:82,(anonymous_2)
FN:114,ExchangeTable
FN:124,(anonymous_4)
FN:132,(anonymous_5)
FN:136,(anonymous_6)
FN:142,(anonymous_7)
FN:160,(anonymous_8)
FN:167,(anonymous_9)
FN:176,(anonymous_10)
FNF:11
FNH:0
FNDA:0,(anonymous_0)
FNDA:0,(anonymous_1)
FNDA:0,(anonymous_2)
FNDA:0,ExchangeTable
FNDA:0,(anonymous_4)
FNDA:0,(anonymous_5)
FNDA:0,(anonymous_6)
FNDA:0,(anonymous_7)
FNDA:0,(anonymous_8)
FNDA:0,(anonymous_9)
FNDA:0,(anonymous_10)
DA:35,0
DA:37,0
DA:39,0
DA:70,0
DA:71,0
DA:73,0
DA:76,0
DA:77,0
DA:78,0
DA:82,0
DA:115,0
DA:117,0
DA:118,0
DA:119,0
DA:120,0
DA:121,0
DA:122,0
DA:124,0
DA:125,0
DA:132,0
DA:133,0
DA:136,0
DA:137,0
DA:138,0
DA:142,0
DA:143,0
DA:146,0
DA:148,0
DA:161,0
DA:167,0
DA:178,0
DA:191,0
DA:196,0
LF:33
LH:0
BRDA:87,0,0,0
BRDA:87,0,1,0
BRDA:89,1,0,0
BRDA:89,1,1,0
BRDA:91,2,0,0
BRDA:91,2,1,0
BRDA:95,3,0,0
BRDA:95,3,1,0
BRDA:99,4,0,0
BRDA:99,4,1,0
BRDA:102,5,0,0
BRDA:102,5,1,0
BRDA:105,6,0,0
BRDA:105,6,1,0
BRDA:150,7,0,0
BRDA:150,7,1,0
BRDA:156,8,0,0
BRDA:156,8,1,0
BRDA:168,9,0,0
BRDA:168,9,1,0
BRDA:168,9,2,0
BRF:21
BRH:0
end_of_record
TN:
SF:/Users/alex/code/javascript/IXWebApp/src/pages/exchange/components/ExchangeTable/MarketListingTable/index.js
FN:6,(anonymous_0)
FNF:1
FNH:0
FNDA:0,(anonymous_0)
DA:4,0
DA:6,0
DA:7,0
LF:3
LH:0
BRF:0
BRH:0
end_of_record
TN:
SF:/Users/alex/code/javascript/IXWebApp/src/pages/exchange/components/ExchangeTable/OrdersTable/Table.js
FN:99,(anonymous_0)
FN:104,(anonymous_1)
FN:148,OrdersTable
FN:171,(anonymous_3)
FN:175,(anonymous_4)
FN:180,(anonymous_5)
FN:188,(anonymous_6)
FN:216,(anonymous_7)
FN:217,(anonymous_8)
FN:221,(anonymous_9)
FN:222,(anonymous_10)
FN:243,(anonymous_11)
FN:259,(anonymous_12)
FNF:13
FNH:0
FNDA:0,(anonymous_0)
FNDA:0,(anonymous_1)
FNDA:0,OrdersTable
FNDA:0,(anonymous_3)
FNDA:0,(anonymous_4)
FNDA:0,(anonymous_5)
FNDA:0,(anonymous_6)
FNDA:0,(anonymous_7)
FNDA:0,(anonymous_8)
FNDA:0,(anonymous_9)
FNDA:0,(anonymous_10)
FNDA:0,(anonymous_11)
FNDA:0,(anonymous_12)
DA:46,0
DA:48,0
DA:50,0
DA:52,0
DA:99,0
DA:100,0
DA:102,0
DA:105,0
DA:111,0
DA:149,0
DA:150,0
DA:151,0
DA:152,0
DA:153,0
DA:154,0
DA:155,0
DA:157,0
DA:158,0
DA:160,0
DA:161,0
DA:162,0
DA:163,0
DA:169,0
DA:171,0
DA:172,0
DA:175,0
DA:176,0
DA:177,0
DA:180,0
DA:181,0
DA:188,0
DA:189,0
DA:200,0
DA:202,0
DA:204,0
DA:206,0
DA:216,0
DA:217,0
DA:221,0
DA:222,0
DA:244,0
DA:261,0
LF:42
LH:0
BRDA:137,0,0,0
BRDA:137,0,1,0
BRDA:192,1,0,0
BRDA:192,1,1,0
BRDA:193,2,0,0
BRDA:193,2,1,0
BRDA:208,3,0,0
BRDA:208,3,1,0
BRDA:239,4,0,0
BRDA:239,4,1,0
BRDA:251,5,0,0
BRDA:251,5,1,0
BRDA:251,5,2,0
BRF:13
BRH:0
end_of_record
TN:
SF:/Users/alex/code/javascript/IXWebApp/src/pages/exchange/components/ExchangeTable/OrdersTable/index.js
FN:9,(anonymous_0)
FNF:1
FNH:0
FNDA:0,(anonymous_0)
DA:6,0
DA:7,0
DA:9,0
DA:10,0
LF:4
LH:0
BRF:0
BRH:0
end_of_record
TN:
SF:/Users/alex/code/javascript/IXWebApp/src/pages/exchange/components/ExchangeTable/OrdersTable/modules/actions.js
FNF:0
FNH:0
DA:5,0
LF:1
LH:0
BRF:0
BRH:0
end_of_record
TN:
SF:/Users/alex/code/javascript/IXWebApp/src/pages/exchange/components/ExchangeTable/OrdersTable/modules/index.js
FNF:0
FNH:0
DA:4,0
LF:1
LH:0
BRF:0
BRH:0
end_of_record
TN:
SF:/Users/alex/code/javascript/IXWebApp/src/pages/exchange/components/ExchangeTable/TradeHistoryTable/Table.js
FN:84,(anonymous_0)
FN:89,(anonymous_1)
FN:129,TradeHistoryTable
FN:152,(anonymous_3)
FN:156,(anonymous_4)
FN:161,(anonymous_5)
FN:169,(anonymous_6)
FN:197,(anonymous_7)
FN:198,(anonymous_8)
FN:202,(anonymous_9)
FN:203,(anonymous_10)
FN:224,(anonymous_11)
FN:240,(anonymous_12)
FNF:13
FNH:0
FNDA:0,(anonymous_0)
FNDA:0,(anonymous_1)
FNDA:0,TradeHistoryTable
FNDA:0,(anonymous_3)
FNDA:0,(anonymous_4)
FNDA:0,(anonymous_5)
FNDA:0,(anonymous_6)
FNDA:0,(anonymous_7)
FNDA:0,(anonymous_8)
FNDA:0,(anonymous_9)
FNDA:0,(anonymous_10)
FNDA:0,(anonymous_11)
FNDA:0,(anonymous_12)
DA:47,0
DA:49,0
DA:51,0
DA:53,0
DA:84,0
DA:85,0
DA:87,0
DA:90,0
DA:92,0
DA:130,0
DA:131,0
DA:132,0
DA:133,0
DA:134,0
DA:135,0
DA:136,0
DA:138,0
DA:139,0
DA:141,0
DA:142,0
DA:143,0
DA:144,0
DA:150,0
DA:152,0
DA:153,0
DA:156,0
DA:157,0
DA:158,0
DA:161,0
DA:162,0
DA:169,0
DA:170,0
DA:181,0
DA:183,0
DA:185,0
DA:187,0
DA:197,0
DA:198,0
DA:202,0
DA:203,0
DA:225,0
DA:242,0
LF:42
LH:0
BRDA:98,0,0,0
BRDA:98,0,1,0
BRDA:118,1,0,0
BRDA:118,1,1,0
BRDA:173,2,0,0
BRDA:173,2,1,0
BRDA:174,3,0,0
BRDA:174,3,1,0
BRDA:189,4,0,0
BRDA:189,4,1,0
BRDA:220,5,0,0
BRDA:220,5,1,0
BRDA:232,6,0,0
BRDA:232,6,1,0
BRDA:232,6,2,0
BRF:15
BRH:0
end_of_record
TN:
SF:/Users/alex/code/javascript/IXWebApp/src/pages/exchange/components/ExchangeTable/TradeHistoryTable/index.js
FN:9,(anonymous_0)
FNF:1
FNH:0
FNDA:0,(anonymous_0)
DA:6,0
DA:7,0
DA:9,0
DA:10,0
LF:4
LH:0
BRF:0
BRH:0
end_of_record
TN:
SF:/Users/alex/code/javascript/IXWebApp/src/pages/exchange/components/ExchangeTable/TradeHistoryTable/modules/actions.js
FNF:0
FNH:0
DA:5,0
LF:1
LH:0
BRF:0
BRH:0
end_of_record
TN:
SF:/Users/alex/code/javascript/IXWebApp/src/pages/exchange/components/ExchangeTable/TradeHistoryTable/modules/index.js
FNF:0
FNH:0
DA:4,0
LF:1
LH:0
BRF:0
BRH:0
end_of_record
TN:
SF:/Users/alex/code/javascript/IXWebApp/src/pages/exchange/components/Market/Market.js
FN:6,Market
FNF:1
FNH:0
FNDA:0,Market
DA:7,0
DA:9,0
DA:10,0
DA:11,0
LF:4
LH:0
BRF:0
BRH:0
end_of_record
TN:
SF:/Users/alex/code/javascript/IXWebApp/src/pages/exchange/components/Markets/Markets.js
FN:21,Markets
FN:49,useMarketsLogic
FN:54,(anonymous_2)
FN:61,MarketTab
FN:65,(anonymous_4)
FN:93,(anonymous_5)
FN:96,(anonymous_6)
FN:115,TabPanel
FN:138,a11yProps
FNF:9
FNH:0
FNDA:0,Markets
FNDA:0,useMarketsLogic
FNDA:0,(anonymous_2)
FNDA:0,MarketTab
FNDA:0,(anonymous_4)
FNDA:0,(anonymous_5)
FNDA:0,(anonymous_6)
FNDA:0,TabPanel
FNDA:0,a11yProps
DA:22,0
DA:24,0
DA:50,0
DA:51,0
DA:52,0
DA:54,0
DA:55,0
DA:58,0
DA:62,0
DA:63,0
DA:65,0
DA:66,0
DA:67,0
DA:69,0
DA:72,0
DA:73,0
DA:94,0
DA:96,0
DA:116,0
DA:118,0
DA:132,0
DA:139,0
LF:22
LH:0
BRDA:66,0,0,0
BRDA:66,0,1,0
BRDA:92,1,0,0
BRDA:92,1,1,0
BRDA:127,2,0,0
BRDA:127,2,1,0
BRF:6
BRH:0
end_of_record
TN:
SF:/Users/alex/code/javascript/IXWebApp/src/pages/exchange/components/News/News.js
FN:5,News
FNF:1
FNH:0
FNDA:0,News
DA:6,0
DA:7,0
LF:2
LH:0
BRF:0
BRH:0
end_of_record
TN:
SF:/Users/alex/code/javascript/IXWebApp/src/pages/exchange/components/Orderbook/Orderbook.js
FN:26,Orderbook
FN:62,Buy
FN:115,Sell
FN:168,BuySide
FN:190,(anonymous_4)
FN:203,SellSide
FN:225,(anonymous_6)
FN:238,useOrderbookLogic
FN:245,(anonymous_8)
FN:249,(anonymous_9)
FN:250,(anonymous_10)
FN:264,TabPanel
FN:287,a11yProps
FNF:13
FNH:0
FNDA:0,Orderbook
FNDA:0,Buy
FNDA:0,Sell
FNDA:0,BuySide
FNDA:0,(anonymous_4)
FNDA:0,SellSide
FNDA:0,(anonymous_6)
FNDA:0,useOrderbookLogic
FNDA:0,(anonymous_8)
FNDA:0,(anonymous_9)
FNDA:0,(anonymous_10)
FNDA:0,TabPanel
FNDA:0,a11yProps
DA:27,0
DA:29,0
DA:63,0
DA:65,0
DA:66,0
DA:116,0
DA:118,0
DA:119,0
DA:169,0
DA:171,0
DA:191,0
DA:204,0
DA:206,0
DA:226,0
DA:239,0
DA:240,0
DA:241,0
DA:242,0
DA:243,0
DA:245,0
DA:246,0
DA:249,0
DA:250,0
DA:252,0
DA:265,0
DA:267,0
DA:281,0
DA:288,0
LF:28
LH:0
BRDA:276,0,0,0
BRDA:276,0,1,0
BRF:2
BRH:0
end_of_record
TN:
SF:/Users/alex/code/javascript/IXWebApp/src/pages/exchange/components/Orderbook/styles.js
FN:3,(anonymous_0)
FNF:1
FNH:0
FNDA:0,(anonymous_0)
DA:3,0
LF:1
LH:0
BRF:0
BRH:0
end_of_record
TN:
SF:/Users/alex/code/javascript/IXWebApp/src/pages/exchange/components/Orders/Orders.js
FN:8,TabPanel
FN:31,a11yProps
FN:38,Orders
FN:66,useOrdersLogic
FN:71,(anonymous_4)
FNF:5
FNH:0
FNDA:0,TabPanel
FNDA:0,a11yProps
FNDA:0,Orders
FNDA:0,useOrdersLogic
FNDA:0,(anonymous_4)
DA:9,0
DA:11,0
DA:25,0
DA:32,0
DA:39,0
DA:41,0
DA:67,0
DA:68,0
DA:69,0
DA:71,0
DA:72,0
DA:75,0
LF:12
LH:0
BRDA:20,0,0,0
BRDA:20,0,1,0
BRF:2
BRH:0
end_of_record
TN:
SF:/Users/alex/code/javascript/IXWebApp/src/pages/exchange/components/PriceChart/ApexLineChart.js
FN:5,ApexLineChart
FN:18,themeOptions
FNF:2
FNH:0
FNDA:0,ApexLineChart
FNDA:0,themeOptions
DA:6,0
DA:8,0
DA:19,0
LF:3
LH:0
BRF:0
BRH:0
end_of_record
TN:
SF:/Users/alex/code/javascript/IXWebApp/src/pages/exchange/components/PriceChart/PriceChart.js
FN:7,PriceChart
FNF:1
FNH:0
FNDA:0,PriceChart
DA:8,0
DA:9,0
LF:2
LH:0
BRF:0
BRH:0
end_of_record
TN:
SF:/Users/alex/code/javascript/IXWebApp/src/pages/exchange/components/Trades/Trades.js
FN:24,TabPanel
FN:47,a11yProps
FN:54,Trades
FN:82,TradesTable
FN:101,(anonymous_4)
FN:122,useTradesLogic
FN:127,(anonymous_6)
FNF:7
FNH:0
FNDA:0,TabPanel
FNDA:0,a11yProps
FNDA:0,Trades
FNDA:0,TradesTable
FNDA:0,(anonymous_4)
FNDA:0,useTradesLogic
FNDA:0,(anonymous_6)
DA:25,0
DA:27,0
DA:41,0
DA:48,0
DA:55,0
DA:57,0
DA:83,0
DA:84,0
DA:102,0
DA:123,0
DA:124,0
DA:125,0
DA:127,0
DA:128,0
DA:131,0
LF:15
LH:0
BRDA:36,0,0,0
BRDA:36,0,1,0
BRF:2
BRH:0
end_of_record
TN:
SF:/Users/alex/code/javascript/IXWebApp/src/pages/exchange/components/TradingTerminal/OverviewExchange.js
FN:31,(anonymous_0)
FN:41,(anonymous_1)
FN:44,(anonymous_2)
FN:48,(anonymous_3)
FN:63,(anonymous_4)
FN:65,OverviewExchange
FN:76,(anonymous_6)
FN:85,(anonymous_7)
FNF:8
FNH:0
FNDA:0,(anonymous_0)
FNDA:0,(anonymous_1)
FNDA:0,(anonymous_2)
FNDA:0,(anonymous_3)
FNDA:0,(anonymous_4)
FNDA:0,OverviewExchange
FNDA:0,(anonymous_6)
FNDA:0,(anonymous_7)
DA:29,0
DA:31,0
DA:34,0
DA:35,0
DA:41,0
DA:42,0
DA:43,0
DA:44,0
DA:45,0
DA:48,0
DA:49,0
DA:53,0
DA:63,0
DA:66,0
DA:67,0
DA:68,0
DA:69,0
DA:70,0
DA:73,0
DA:76,0
DA:77,0
DA:85,0
DA:87,0
LF:23
LH:0
BRDA:85,0,0,0
BRDA:85,0,1,0
BRDA:89,1,0,0
BRDA:89,1,1,0
BRDA:93,2,0,0
BRDA:93,2,1,0
BRDA:131,3,0,0
BRDA:131,3,1,0
BRF:8
BRH:0
end_of_record
TN:
SF:/Users/alex/code/javascript/IXWebApp/src/pages/exchange/components/TradingTerminal/OverviewHeader.js
FN:13,OverviewHeader
FN:23,(anonymous_1)
FN:26,(anonymous_2)
FN:31,(anonymous_3)
FNF:4
FNH:0
FNDA:0,OverviewHeader
FNDA:0,(anonymous_1)
FNDA:0,(anonymous_2)
FNDA:0,(anonymous_3)
DA:14,0
DA:15,0
DA:16,0
DA:17,0
DA:19,0
DA:20,0
DA:23,0
DA:24,0
DA:26,0
DA:27,0
DA:29,0
DA:31,0
DA:32,0
DA:37,0
LF:14
LH:0
BRDA:50,0,0,0
BRDA:50,0,1,0
BRDA:53,1,0,0
BRDA:53,1,1,0
BRF:4
BRH:0
end_of_record
TN:
SF:/Users/alex/code/javascript/IXWebApp/src/pages/exchange/components/TradingTerminal/data.js
FNF:0
FNH:0
DA:1,0
LF:1
LH:0
BRF:0
BRH:0
end_of_record
TN:
SF:/Users/alex/code/javascript/IXWebApp/src/pages/exchange/components/TradingTerminal/index.js
FN:8,(anonymous_0)
FNF:1
FNH:0
FNDA:0,(anonymous_0)
DA:5,0
DA:6,0
DA:8,0
DA:9,0
LF:4
LH:0
BRF:0
BRH:0
end_of_record
TN:
SF:/Users/alex/code/javascript/IXWebApp/src/pages/exchange/components/TradingTerminal/styles.js
FN:11,(anonymous_0)
FNF:1
FNH:0
FNDA:0,(anonymous_0)
DA:3,0
DA:11,0
LF:2
LH:0
BRF:0
BRH:0
end_of_record
TN:
SF:/Users/alex/code/javascript/IXWebApp/src/pages/exchange/components/TradingTerminal/components/SandboxModal.js
FN:13,(anonymous_0)
FN:17,(anonymous_1)
FN:46,(anonymous_2)
FNF:3
FNH:0
FNDA:0,(anonymous_0)
FNDA:0,(anonymous_1)
FNDA:0,(anonymous_2)
DA:13,0
DA:14,0
DA:15,0
DA:16,0
DA:17,0
DA:18,0
DA:19,0
DA:22,0
DA:42,0
DA:43,0
DA:46,0
LF:11
LH:0
BRF:0
BRH:0
end_of_record
TN:
SF:/Users/alex/code/javascript/IXWebApp/src/pages/exchange/components/TradingTerminal/components/styles.js
FN:29,(anonymous_0)
FNF:1
FNH:0
FNDA:0,(anonymous_0)
DA:3,0
DA:13,0
DA:21,0
DA:29,0
LF:4
LH:0
BRF:0
BRH:0
end_of_record
TN:
SF:/Users/alex/code/javascript/IXWebApp/src/pages/exchange/components/TradingTerminal/components/BidsAsks/BidsAsks.js
FN:32,(anonymous_0)
FN:42,(anonymous_1)
FN:63,(anonymous_2)
FN:72,(anonymous_3)
FN:81,(anonymous_4)
FN:84,(anonymous_5)
FN:88,(anonymous_6)
FN:93,(anonymous_7)
FN:115,(anonymous_8)
FN:189,(anonymous_9)
FN:194,(anonymous_10)
FN:215,(anonymous_11)
FN:225,(anonymous_12)
FN:249,(anonymous_13)
FN:267,(anonymous_14)
FN:286,(anonymous_15)
FN:296,(anonymous_16)
FN:320,(anonymous_17)
FN:337,(anonymous_18)
FNF:19
FNH:0
FNDA:0,(anonymous_0)
FNDA:0,(anonymous_1)
FNDA:0,(anonymous_2)
FNDA:0,(anonymous_3)
FNDA:0,(anonymous_4)
FNDA:0,(anonymous_5)
FNDA:0,(anonymous_6)
FNDA:0,(anonymous_7)
FNDA:0,(anonymous_8)
FNDA:0,(anonymous_9)
FNDA:0,(anonymous_10)
FNDA:0,(anonymous_11)
FNDA:0,(anonymous_12)
FNDA:0,(anonymous_13)
FNDA:0,(anonymous_14)
FNDA:0,(anonymous_15)
FNDA:0,(anonymous_16)
FNDA:0,(anonymous_17)
FNDA:0,(anonymous_18)
DA:29,0
DA:30,0
DA:31,0
DA:32,0
DA:33,0
DA:34,0
DA:35,0
DA:38,0
DA:39,0
DA:41,0
DA:42,0
DA:45,0
DA:46,0
DA:47,0
DA:50,0
DA:56,0
DA:63,0
DA:64,0
DA:65,0
DA:66,0
DA:72,0
DA:73,0
DA:74,0
DA:75,0
DA:81,0
DA:82,0
DA:83,0
DA:84,0
DA:85,0
DA:88,0
DA:89,0
DA:93,0
DA:94,0
DA:95,0
DA:98,0
DA:100,0
DA:102,0
DA:104,0
DA:105,0
DA:109,0
DA:114,0
DA:115,0
DA:116,0
DA:117,0
DA:126,0
DA:156,0
DA:187,0
DA:189,0
DA:191,0
DA:194,0
DA:197,0
DA:198,0
DA:200,0
DA:216,0
DA:217,0
DA:218,0
DA:219,0
DA:222,0
DA:225,0
DA:226,0
DA:228,0
DA:230,0
DA:232,0
DA:236,0
DA:250,0
DA:267,0
DA:287,0
DA:288,0
DA:289,0
DA:290,0
DA:293,0
DA:296,0
DA:297,0
DA:299,0
DA:301,0
DA:303,0
DA:307,0
DA:321,0
DA:337,0
LF:79
LH:0
BRDA:42,0,0,0
BRDA:42,0,1,0
BRDA:94,1,0,0
BRDA:94,1,1,0
BRDA:98,2,0,0
BRDA:98,2,1,0
BRDA:98,2,2,0
BRDA:121,3,0,0
BRDA:121,3,1,0
BRDA:122,4,0,0
BRDA:122,4,1,0
BRDA:187,5,0,0
BRDA:187,5,1,0
BRDA:187,5,2,0
BRDA:191,6,0,0
BRDA:191,6,1,0
BRDA:191,6,2,0
BRDA:210,7,0,0
BRDA:210,7,1,0
BRDA:218,8,0,0
BRDA:218,8,1,0
BRDA:218,9,0,0
BRDA:218,9,1,0
BRDA:219,10,0,0
BRDA:219,10,1,0
BRDA:222,11,0,0
BRDA:222,11,1,0
BRDA:226,12,0,0
BRDA:226,12,1,0
BRDA:226,12,2,0
BRDA:242,13,0,0
BRDA:242,13,1,0
BRDA:247,14,0,0
BRDA:247,14,1,0
BRDA:281,15,0,0
BRDA:281,15,1,0
BRDA:289,16,0,0
BRDA:289,16,1,0
BRDA:289,17,0,0
BRDA:289,17,1,0
BRDA:290,18,0,0
BRDA:290,18,1,0
BRDA:293,19,0,0
BRDA:293,19,1,0
BRDA:297,20,0,0
BRDA:297,20,1,0
BRDA:297,20,2,0
BRDA:318,21,0,0
BRDA:318,21,1,0
BRF:49
BRH:0
end_of_record
TN:
SF:/Users/alex/code/javascript/IXWebApp/src/pages/exchange/components/TradingTerminal/components/BidsAsks/index.js
FN:6,(anonymous_0)
FNF:1
FNH:0
FNDA:0,(anonymous_0)
DA:4,0
DA:6,0
DA:7,0
LF:3
LH:0
BRF:0
BRH:0
end_of_record
TN:
SF:/Users/alex/code/javascript/IXWebApp/src/pages/exchange/components/TradingTerminal/components/BidsAsks/modules/actions.js
FN:6,postOrder
FNF:1
FNH:0
FNDA:0,postOrder
DA:7,0
DA:8,0
DA:10,0
DA:11,0
DA:12,0
DA:14,0
DA:15,0
DA:18,0
DA:20,0
DA:21,0
DA:25,0
LF:11
LH:0
BRDA:14,0,0,0
BRDA:14,0,1,0
BRF:2
BRH:0
end_of_record
TN:
SF:/Users/alex/code/javascript/IXWebApp/src/pages/exchange/components/TradingTerminal/components/BidsAsks/modules/index.js
FN:11,PostOrderState
FN:20,usePostOrderDispatch
FN:31,PostOrderProvider
FNF:3
FNH:0
FNDA:0,PostOrderState
FNDA:0,usePostOrderDispatch
FNDA:0,PostOrderProvider
DA:8,0
DA:9,0
DA:12,0
DA:13,0
DA:14,0
DA:17,0
DA:21,0
DA:22,0
DA:23,0
DA:28,0
DA:33,0
DA:36,0
DA:38,0
LF:13
LH:0
BRDA:13,0,0,0
BRDA:13,0,1,0
BRDA:22,1,0,0
BRDA:22,1,1,0
BRDA:33,2,0,0
BRDA:33,2,1,0
BRF:6
BRH:0
end_of_record
TN:
SF:/Users/alex/code/javascript/IXWebApp/src/pages/exchange/components/TradingTerminal/components/BidsAsks/modules/reducers.js
FN:1,postOrderReducer
FNF:1
FNH:0
FNDA:0,postOrderReducer
DA:2,0
DA:4,0
DA:12,0
DA:20,0
DA:28,0
LF:5
LH:0
BRDA:2,0,0,0
BRDA:2,0,1,0
BRDA:2,0,2,0
BRDA:2,0,3,0
BRF:4
BRH:0
end_of_record
TN:
SF:/Users/alex/code/javascript/IXWebApp/src/pages/exchange/components/TradingTerminal/components/BidsAsks/modules/state.js
FNF:0
FNH:0
DA:3,0
LF:1
LH:0
BRF:0
BRH:0
end_of_record
TN:
SF:/Users/alex/code/javascript/IXWebApp/src/pages/exchange/components/TradingTerminal/components/BidsAsksHistory/index.js
FN:14,(anonymous_0)
FN:31,(anonymous_1)
FN:34,(anonymous_2)
FN:39,(anonymous_3)
FN:44,(anonymous_4)
FN:47,(anonymous_5)
FN:51,(anonymous_6)
FN:56,(anonymous_7)
FN:60,(anonymous_8)
FNF:9
FNH:0
FNDA:0,(anonymous_0)
FNDA:0,(anonymous_1)
FNDA:0,(anonymous_2)
FNDA:0,(anonymous_3)
FNDA:0,(anonymous_4)
FNDA:0,(anonymous_5)
FNDA:0,(anonymous_6)
FNDA:0,(anonymous_7)
FNDA:0,(anonymous_8)
DA:12,0
DA:14,0
DA:15,0
DA:16,0
DA:17,0
DA:19,0
DA:20,0
DA:21,0
DA:22,0
DA:23,0
DA:24,0
DA:25,0
DA:26,0
DA:31,0
DA:32,0
DA:33,0
DA:34,0
DA:35,0
DA:38,0
DA:39,0
DA:40,0
DA:44,0
DA:45,0
DA:46,0
DA:47,0
DA:48,0
DA:51,0
DA:52,0
DA:56,0
DA:57,0
DA:60,0
DA:61,0
DA:62,0
DA:64,0
DA:65,0
DA:67,0
LF:36
LH:0
BRDA:48,0,0,0
BRDA:48,0,1,0
BRDA:57,1,0,0
BRDA:57,1,1,0
BRDA:60,2,0,0
BRDA:60,2,1,0
BRDA:61,3,0,0
BRDA:61,3,1,0
BRDA:62,4,0,0
BRDA:62,4,1,0
BRF:10
BRH:0
end_of_record
TN:
SF:/Users/alex/code/javascript/IXWebApp/src/pages/exchange/components/TradingTerminal/components/Monitoring/Monitoring.js
FN:35,Monitoring
FN:50,(anonymous_1)
FN:50,(anonymous_2)
FN:65,(anonymous_3)
FN:72,(anonymous_4)
FN:81,(anonymous_5)
FN:89,(anonymous_6)
FN:98,(anonymous_7)
FN:106,(anonymous_8)
FN:116,(anonymous_9)
FN:125,(anonymous_10)
FN:131,(anonymous_11)
FN:136,(anonymous_12)
FN:148,(anonymous_13)
FN:189,(anonymous_14)
FN:200,(anonymous_15)
FN:204,(anonymous_16)
FN:229,(anonymous_17)
FN:245,(anonymous_18)
FN:246,(anonymous_19)
FN:273,(anonymous_20)
FN:278,(anonymous_21)
FN:291,(anonymous_22)
FN:302,(anonymous_23)
FN:329,(anonymous_24)
FN:335,(anonymous_25)
FNF:26
FNH:0
FNDA:0,Monitoring
FNDA:0,(anonymous_1)
FNDA:0,(anonymous_2)
FNDA:0,(anonymous_3)
FNDA:0,(anonymous_4)
FNDA:0,(anonymous_5)
FNDA:0,(anonymous_6)
FNDA:0,(anonymous_7)
FNDA:0,(anonymous_8)
FNDA:0,(anonymous_9)
FNDA:0,(anonymous_10)
FNDA:0,(anonymous_11)
FNDA:0,(anonymous_12)
FNDA:0,(anonymous_13)
FNDA:0,(anonymous_14)
FNDA:0,(anonymous_15)
FNDA:0,(anonymous_16)
FNDA:0,(anonymous_17)
FNDA:0,(anonymous_18)
FNDA:0,(anonymous_19)
FNDA:0,(anonymous_20)
FNDA:0,(anonymous_21)
FNDA:0,(anonymous_22)
FNDA:0,(anonymous_23)
FNDA:0,(anonymous_24)
FNDA:0,(anonymous_25)
DA:34,0
DA:36,0
DA:37,0
DA:38,0
DA:39,0
DA:40,0
DA:41,0
DA:42,0
DA:43,0
DA:44,0
DA:45,0
DA:46,0
DA:47,0
DA:49,0
DA:50,0
DA:51,0
DA:63,0
DA:65,0
DA:66,0
DA:67,0
DA:70,0
DA:71,0
DA:72,0
DA:75,0
DA:77,0
DA:81,0
DA:82,0
DA:83,0
DA:89,0
DA:90,0
DA:91,0
DA:95,0
DA:98,0
DA:100,0
DA:102,0
DA:103,0
DA:106,0
DA:107,0
DA:108,0
DA:109,0
DA:112,0
DA:113,0
DA:116,0
DA:117,0
DA:125,0
DA:126,0
DA:127,0
DA:131,0
DA:132,0
DA:133,0
DA:134,0
DA:135,0
DA:136,0
DA:137,0
DA:138,0
DA:139,0
DA:140,0
DA:142,0
DA:143,0
DA:147,0
DA:148,0
DA:151,0
DA:189,0
DA:201,0
DA:204,0
DA:231,0
DA:234,0
DA:239,0
DA:245,0
DA:246,0
DA:247,0
DA:248,0
DA:249,0
DA:253,0
DA:255,0
DA:273,0
DA:278,0
DA:287,0
DA:292,0
DA:303,0
DA:324,0
DA:329,0
DA:335,0
DA:347,0
LF:84
LH:0
BRDA:41,0,0,0
BRDA:41,0,1,0
BRDA:44,1,0,0
BRDA:45,2,0,0
BRDA:45,2,1,0
BRDA:63,3,0,0
BRDA:63,3,1,0
BRDA:70,4,0,0
BRDA:70,4,1,0
BRDA:100,5,0,0
BRDA:100,5,1,0
BRDA:100,6,0,0
BRDA:100,6,1,0
BRDA:102,7,0,0
BRDA:102,7,1,0
BRDA:112,8,0,0
BRDA:112,8,1,0
BRDA:126,9,0,0
BRDA:126,9,1,0
BRDA:126,10,0,0
BRDA:126,10,1,0
BRDA:126,10,2,0
BRDA:134,11,0,0
BRDA:134,11,1,0
BRDA:136,12,0,0
BRDA:136,12,1,0
BRDA:147,13,0,0
BRDA:147,13,1,0
BRDA:147,14,0,0
BRDA:147,14,1,0
BRDA:154,15,0,0
BRDA:154,15,1,0
BRDA:159,16,0,0
BRDA:159,16,1,0
BRDA:165,17,0,0
BRDA:165,17,1,0
BRDA:169,18,0,0
BRDA:169,18,1,0
BRDA:177,19,0,0
BRDA:177,19,1,0
BRDA:186,20,0,0
BRDA:186,20,1,0
BRDA:190,21,0,0
BRDA:190,21,1,0
BRDA:203,22,0,0
BRDA:203,22,1,0
BRDA:231,23,0,0
BRDA:231,23,1,0
BRDA:231,24,0,0
BRDA:231,24,1,0
BRDA:251,25,0,0
BRDA:251,25,1,0
BRDA:253,26,0,0
BRDA:253,26,1,0
BRDA:253,26,2,0
BRDA:256,27,0,0
BRDA:256,27,1,0
BRDA:270,28,0,0
BRDA:270,28,1,0
BRDA:294,29,0,0
BRDA:294,29,1,0
BRDA:305,30,0,0
BRDA:305,30,1,0
BRDA:309,31,0,0
BRDA:309,31,1,0
BRDA:337,32,0,0
BRDA:337,32,1,0
BRF:67
BRH:0
end_of_record
TN:
SF:/Users/alex/code/javascript/IXWebApp/src/pages/exchange/components/TradingTerminal/components/Monitoring/index.js
FN:4,(anonymous_0)
FNF:1
FNH:0
FNDA:0,(anonymous_0)
DA:4,0
DA:5,0
LF:2
LH:0
BRF:0
BRH:0
end_of_record
TN:
SF:/Users/alex/code/javascript/IXWebApp/src/pages/exchange/components/TradingTerminal/components/Monitoring/modules/actions.js
[...]
LH:4
BRDA:55,0,0,0
BRDA:65,1,0,0
BRDA:65,1,1,0
BRDA:90,2,0,0
BRDA:90,2,1,0
BRF:5
BRH:0
end_of_record
TN:
SF:/Users/alex/code/javascript/IXWebApp/src/v2/components/form/typed/Select.tsx
FN:20,(anonymous_0)
FN:20,(anonymous_1)
FN:26,(anonymous_2)
FN:41,(anonymous_3)
FN:53,(anonymous_4)
FNF:5
FNH:0
FNDA:0,(anonymous_0)
FNDA:0,(anonymous_1)
FNDA:0,(anonymous_2)
FNDA:0,(anonymous_3)
FNDA:0,(anonymous_4)
DA:20,0
DA:24,0
DA:26,0
DA:32,0
DA:33,0
DA:37,0
DA:38,0
DA:39,0
DA:40,0
DA:41,0
DA:44,0
DA:46,0
DA:49,0
DA:54,0
LF:14
LH:0
BRDA:40,0,0,0
BRDA:40,0,1,0
BRDA:64,1,0,0
BRDA:64,1,1,0
BRF:4
BRH:0
end_of_record
TN:
SF:/Users/alex/code/javascript/IXWebApp/src/v2/components/form/typed/TextInput.tsx
FN:20,(anonymous_0)
FN:23,(anonymous_1)
FN:31,(anonymous_2)
FN:53,(anonymous_3)
FN:65,(anonymous_4)
FNF:5
FNH:1
FNDA:15,(anonymous_0)
FNDA:0,(anonymous_1)
FNDA:0,(anonymous_2)
FNDA:0,(anonymous_3)
FNDA:0,(anonymous_4)
DA:20,5
DA:23,15
DA:27,0
DA:31,5
DA:44,0
DA:45,0
DA:49,0
DA:50,0
DA:51,0
DA:52,0
DA:53,0
DA:56,0
DA:58,0
DA:61,0
DA:66,0
LF:15
LH:3
BRDA:42,0,0,0
BRDA:52,1,0,0
BRDA:52,1,1,0
BRDA:75,2,0,0
BRDA:75,2,1,0
BRF:5
BRH:0
end_of_record
TN:
SF:/Users/alex/code/javascript/IXWebApp/src/v2/components/form/typed/types.ts
FNF:0
FNH:0
LF:0
LH:0
BRF:0
BRH:0
end_of_record
TN:
SF:/Users/alex/code/javascript/IXWebApp/src/v2/components/form/typed/utils.ts
FN:1,(anonymous_0)
FNF:1
FNH:0
FNDA:0,(anonymous_0)
DA:1,5
DA:2,0
LF:2
LH:1
BRDA:2,0,0,0
BRDA:2,0,1,0
BRF:2
BRH:0
end_of_record
TN:
SF:/Users/alex/code/javascript/IXWebApp/src/v2/config/index.ts
FNF:0
FNH:0
DA:3,49
DA:5,49
DA:6,49
DA:8,49
LF:4
LH:4
BRDA:3,0,0,49
BRDA:3,0,1,0
BRF:2
BRH:1
end_of_record
TN:
SF:/Users/alex/code/javascript/IXWebApp/src/v2/context/assets/index.tsx
FNF:0
FNH:0
DA:4,0
DA:9,0
LF:2
LH:0
BRF:0
BRH:0
end_of_record
TN:
SF:/Users/alex/code/javascript/IXWebApp/src/v2/context/assets/service.ts
FN:7,(anonymous_0)
FNF:1
FNH:0
FNDA:0,(anonymous_0)
DA:6,5
DA:8,0
DA:9,0
DA:14,0
LF:4
LH:1
BRF:0
BRH:0
end_of_record
TN:
SF:/Users/alex/code/javascript/IXWebApp/src/v2/context/assets/store.ts
FNF:0
FNH:0
LF:0
LH:0
BRF:0
BRH:0
end_of_record
TN:
SF:/Users/alex/code/javascript/IXWebApp/src/v2/context/assets/types.ts
FNF:0
FNH:0
LF:0
LH:0
BRF:0
BRH:0
end_of_record
TN:
SF:/Users/alex/code/javascript/IXWebApp/src/v2/context/assets/useAssets.ts
FN:23,(anonymous_0)
FNF:1
FNH:0
FNDA:0,(anonymous_0)
DA:10,5
DA:23,5
DA:24,0
DA:26,0
DA:28,0
DA:33,0
DA:34,0
DA:35,0
DA:37,0
LF:9
LH:2
BRDA:33,0,0,0
BRDA:33,0,1,0
BRF:2
BRH:0
end_of_record
TN:
SF:/Users/alex/code/javascript/IXWebApp/src/v2/context/assets/utils.ts
FN:4,(anonymous_0)
FN:8,(anonymous_1)
FN:10,(anonymous_2)
FN:17,(anonymous_3)
FN:22,(anonymous_4)
FNF:5
FNH:0
FNDA:0,(anonymous_0)
FNDA:0,(anonymous_1)
FNDA:0,(anonymous_2)
FNDA:0,(anonymous_3)
FNDA:0,(anonymous_4)
DA:4,5
DA:7,0
DA:9,0
DA:10,0
DA:17,5
DA:21,0
DA:22,0
LF:7
LH:2
BRF:0
BRH:0
end_of_record
TN:
SF:/Users/alex/code/javascript/IXWebApp/src/v2/context/balances/fakeBalances.ts
FNF:0
FNH:0
DA:3,0
LF:1
LH:0
BRF:0
BRH:0
end_of_record
TN:
SF:/Users/alex/code/javascript/IXWebApp/src/v2/context/balances/index.tsx
FNF:0
FNH:0
DA:4,0
DA:9,0
LF:2
LH:0
BRF:0
BRH:0
end_of_record
TN:
SF:/Users/alex/code/javascript/IXWebApp/src/v2/context/balances/service.ts
FN:12,(anonymous_0)
FN:16,(anonymous_1)
FN:27,(anonymous_2)
FN:41,(anonymous_3)
FNF:4
FNH:0
FNDA:0,(anonymous_0)
FNDA:0,(anonymous_1)
FNDA:0,(anonymous_2)
FNDA:0,(anonymous_3)
DA:10,0
DA:12,0
DA:13,0
DA:16,0
DA:17,0
DA:18,0
DA:20,0
DA:27,0
DA:31,0
DA:32,0
DA:34,0
DA:41,0
DA:45,0
DA:46,0
DA:48,0
LF:15
LH:0
BRF:0
BRH:0
end_of_record
TN:
SF:/Users/alex/code/javascript/IXWebApp/src/v2/context/balances/store.ts
FNF:0
FNH:0
LF:0
LH:0
BRF:0
BRH:0
end_of_record
TN:
SF:/Users/alex/code/javascript/IXWebApp/src/v2/context/balances/types.ts
FNF:0
FNH:0
LF:0
LH:0
BRF:0
BRH:0
end_of_record
TN:
SF:/Users/alex/code/javascript/IXWebApp/src/v2/context/balances/useAllBalances.ts
FN:21,(anonymous_0)
FNF:1
FNH:0
FNDA:0,(anonymous_0)
DA:8,0
DA:21,0
DA:22,0
DA:23,0
DA:24,0
DA:28,0
DA:30,0
DA:32,0
LF:8
LH:0
BRDA:28,0,0,0
BRDA:28,0,1,0
BRF:2
BRH:0
end_of_record
TN:
SF:/Users/alex/code/javascript/IXWebApp/src/v2/context/balances/useBalancesByAssetId.ts
FN:21,(anonymous_0)
FNF:1
FNH:0
FNDA:0,(anonymous_0)
DA:8,0
DA:21,0
DA:24,0
DA:25,0
DA:26,0
DA:30,0
DA:32,0
DA:34,0
LF:8
LH:0
BRDA:30,0,0,0
BRDA:30,0,1,0
BRF:2
BRH:0
end_of_record
TN:
SF:/Users/alex/code/javascript/IXWebApp/src/v2/context/balances/useBalancesByType.ts
FN:25,(anonymous_0)
FNF:1
FNH:0
FNDA:0,(anonymous_0)
DA:12,0
DA:25,0
DA:28,0
DA:29,0
DA:30,0
DA:34,0
DA:36,0
DA:38,0
LF:8
LH:0
BRDA:34,0,0,0
BRDA:34,0,1,0
BRF:2
BRH:0
end_of_record
TN:
SF:/Users/alex/code/javascript/IXWebApp/src/v2/context/identity/index.tsx
FN:10,UserProvider
FN:14,(anonymous_1)
FNF:2
FNH:0
FNDA:0,UserProvider
FNDA:0,(anonymous_1)
DA:5,1
DA:7,1
DA:8,1
DA:11,0
DA:14,1
DA:15,0
DA:16,0
LF:7
LH:4
BRF:0
BRH:0
end_of_record
TN:
SF:/Users/alex/code/javascript/IXWebApp/src/v2/context/identity/service.ts
FN:5,getIndividualIdentity
FN:35,getCorporateIdentities
FNF:2
FNH:0
FNDA:0,getIndividualIdentity
FNDA:0,getCorporateIdentities
DA:8,0
DA:9,0
DA:11,0
DA:12,0
DA:13,0
DA:14,0
DA:15,0
DA:16,0
DA:18,0
DA:25,0
DA:26,0
DA:27,0
DA:39,0
DA:40,0
DA:42,0
DA:43,0
DA:44,0
DA:45,0
DA:46,0
DA:48,0
DA:55,0
LF:21
LH:0
BRDA:13,0,0,0
BRDA:13,0,1,0
BRDA:40,1,0,0
BRDA:40,1,1,0
BRDA:44,2,0,0
BRDA:44,2,1,0
BRF:6
BRH:0
end_of_record
TN:
SF:/Users/alex/code/javascript/IXWebApp/src/v2/context/identity/store.ts
FN:14,(anonymous_0)
FN:20,(anonymous_1)
FN:31,(anonymous_2)
FN:37,(anonymous_3)
FN:48,(anonymous_4)
FN:54,(anonymous_5)
FN:75,(anonymous_6)
FNF:7
FNH:0
FNDA:0,(anonymous_0)
FNDA:0,(anonymous_1)
FNDA:0,(anonymous_2)
FNDA:0,(anonymous_3)
FNDA:0,(anonymous_4)
FNDA:0,(anonymous_5)
FNDA:0,(anonymous_6)
DA:14,1
DA:15,0
DA:16,0
DA:20,1
DA:21,0
DA:23,0
DA:24,0
DA:28,0
DA:31,0
DA:32,0
DA:37,1
DA:38,0
DA:40,0
DA:41,0
DA:45,0
DA:48,0
DA:49,0
DA:54,1
DA:58,0
DA:61,0
DA:62,0
DA:65,0
DA:67,0
DA:68,0
DA:72,0
DA:75,0
DA:76,0
LF:27
LH:4
BRDA:23,0,0,0
BRDA:23,0,1,0
BRDA:25,1,0,0
BRDA:25,1,1,0
BRDA:40,2,0,0
BRDA:40,2,1,0
BRDA:42,3,0,0
BRDA:42,3,1,0
BRDA:61,4,0,0
BRDA:61,4,1,0
BRDA:61,5,0,0
BRDA:61,5,1,0
BRDA:67,6,0,0
BRDA:67,6,1,0
BRDA:69,7,0,0
BRDA:69,7,1,0
BRF:16
BRH:0
end_of_record
TN:
SF:/Users/alex/code/javascript/IXWebApp/src/v2/context/layout/index.tsx
FN:9,(anonymous_0)
FNF:1
FNH:0
FNDA:0,(anonymous_0)
DA:5,0
DA:7,0
DA:9,0
LF:3
LH:0
BRF:0
BRH:0
end_of_record
TN:
SF:/Users/alex/code/javascript/IXWebApp/src/v2/context/layout/store.ts
FN:7,(anonymous_0)
FN:12,(anonymous_1)
FNF:2
FNH:0
FNDA:0,(anonymous_0)
FNDA:0,(anonymous_1)
DA:4,0
DA:7,0
DA:8,0
DA:12,0
DA:13,0
LF:5
LH:0
BRF:0
BRH:0
end_of_record
TN:
SF:/Users/alex/code/javascript/IXWebApp/src/v2/helpers/acl.ts
FN:27,(anonymous_0)
FN:32,(anonymous_1)
FN:43,(anonymous_2)
FN:49,(anonymous_3)
FN:55,(anonymous_4)
FN:61,(anonymous_5)
FN:67,(anonymous_6)
FNF:7
FNH:3
FNDA:4,(anonymous_0)
FNDA:4,(anonymous_1)
FNDA:0,(anonymous_2)
FNDA:0,(anonymous_3)
FNDA:0,(anonymous_4)
FNDA:4,(anonymous_5)
FNDA:0,(anonymous_6)
DA:16,6
DA:27,6
DA:32,6
DA:33,4
DA:35,4
DA:43,6
DA:44,0
DA:46,0
DA:49,6
DA:50,0
DA:52,0
DA:55,6
DA:56,0
DA:58,0
DA:61,6
DA:62,4
DA:64,4
DA:67,6
DA:68,0
DA:69,0
DA:70,0
DA:72,0
LF:22
LH:12
BRDA:44,0,0,0
BRDA:44,1,0,0
BRDA:50,2,0,0
BRDA:50,3,0,0
BRDA:56,4,0,0
BRDA:56,5,0,0
BRDA:62,6,0,3
BRDA:62,7,0,3
BRDA:72,8,0,0
BRDA:72,8,1,0
BRDA:72,8,2,0
BRF:11
BRH:2
end_of_record
TN:
SF:/Users/alex/code/javascript/IXWebApp/src/v2/helpers/arrays.ts
FN:1,(anonymous_0)
FN:4,(anonymous_1)
FNF:2
FNH:2
FNDA:18,(anonymous_0)
FNDA:2676,(anonymous_1)
DA:1,6
DA:4,2676
LF:2
LH:2
BRF:0
BRH:0
end_of_record
TN:
SF:/Users/alex/code/javascript/IXWebApp/src/v2/helpers/dates.ts
FN:3,(anonymous_0)
FN:17,(anonymous_1)
FNF:2
FNH:1
FNDA:2,(anonymous_0)
FNDA:0,(anonymous_1)
DA:3,16
DA:6,2
DA:7,2
DA:10,0
DA:11,0
DA:14,0
DA:17,16
DA:18,0
LF:8
LH:4
BRDA:6,0,0,2
BRDA:6,0,1,0
BRDA:6,1,0,2
BRDA:6,1,1,2
BRDA:10,2,0,0
BRDA:10,2,1,0
BRDA:11,3,0,0
BRDA:11,3,1,0
BRF:8
BRH:3
end_of_record
TN:
SF:/Users/alex/code/javascript/IXWebApp/src/v2/helpers/formik.ts
FN:3,isSubmitDisabled
FNF:1
FNH:1
FNDA:89,isSubmitDisabled
DA:8,89
DA:9,89
DA:10,89
DA:12,89
LF:4
LH:4
BRDA:8,0,0,0
BRDA:8,0,1,89
BRDA:9,1,0,0
BRDA:9,1,1,89
BRDA:10,2,0,0
BRDA:10,2,1,89
BRDA:12,3,0,89
BRDA:12,3,1,73
BRDA:12,3,2,32
BRF:9
BRH:6
end_of_record
TN:
SF:/Users/alex/code/javascript/IXWebApp/src/v2/helpers/generateAppRouterHook.tsx
FN:21,(anonymous_0)
FN:22,(anonymous_1)
FN:33,(anonymous_2)
FN:39,(anonymous_3)
FN:53,generateAppRouterHook
FN:58,(anonymous_5)
FN:62,(anonymous_6)
FN:76,(anonymous_7)
FN:79,(anonymous_8)
FN:81,(anonymous_9)
FNF:10
FNH:10
FNDA:55,(anonymous_0)
FNDA:189,(anonymous_1)
FNDA:55,(anonymous_2)
FNDA:188,(anonymous_3)
FNDA:12,generateAppRouterHook
FNDA:55,(anonymous_5)
FNDA:55,(anonymous_6)
FNDA:5,(anonymous_7)
FNDA:11,(anonymous_8)
FNDA:44,(anonymous_9)
DA:21,12
DA:22,189
DA:23,55
DA:33,12
DA:36,55
DA:37,55
DA:39,55
DA:40,188
DA:41,0
DA:44,188
DA:47,55
DA:58,12
DA:59,55
DA:60,55
DA:61,55
DA:63,55
DA:72,55
DA:77,5
DA:80,11
DA:82,44
LF:20
LH:19
BRDA:23,0,0,23
BRDA:23,0,1,32
BRDA:40,1,0,0
BRDA:40,1,1,188
BRDA:40,2,0,188
BRDA:40,2,1,188
BRDA:49,3,0,55
BRDA:49,3,1,32
BRF:8
BRH:7
end_of_record
TN:
SF:/Users/alex/code/javascript/IXWebApp/src/v2/helpers/generateMutationHook.ts
FN:19,(anonymous_0)
FN:25,(anonymous_1)
FN:45,(anonymous_2)
FN:50,(anonymous_3)
FNF:4
FNH:1
FNDA:20,(anonymous_0)
FNDA:0,(anonymous_1)
FNDA:0,(anonymous_2)
FNDA:0,(anonymous_3)
DA:19,5
DA:25,20
DA:37,0
DA:38,0
DA:39,0
DA:46,0
DA:48,0
DA:51,0
DA:52,0
DA:55,0
DA:60,0
LF:11
LH:2
BRDA:37,0,0,0
BRDA:37,0,1,0
BRDA:46,1,0,0
BRDA:46,1,1,0
BRDA:51,2,0,0
BRDA:51,2,1,0
BRDA:52,3,0,0
BRDA:52,3,1,0
BRF:8
BRH:0
end_of_record
TN:
SF:/Users/alex/code/javascript/IXWebApp/src/v2/helpers/generateStoreHookAndProvider.tsx
FN:12,generateStoreHookAndProvider
FN:19,(anonymous_1)
FN:32,(anonymous_2)
FNF:3
FNH:3
FNDA:156,generateStoreHookAndProvider
FNDA:63,(anonymous_1)
FNDA:135,(anonymous_2)
DA:16,156
DA:18,156
DA:20,63
DA:22,63
DA:23,59
DA:26,63
DA:33,135
DA:35,135
DA:36,0
DA:42,135
DA:43,0
DA:46,135
LF:12
LH:10
BRDA:22,0,0,59
BRDA:22,0,1,4
BRDA:35,1,0,0
BRDA:35,1,1,135
BRDA:42,2,0,0
BRDA:42,2,1,135
BRF:6
BRH:4
end_of_record
TN:
SF:/Users/alex/code/javascript/IXWebApp/src/v2/helpers/httpRequests.ts
FN:7,(anonymous_0)
FN:30,(anonymous_1)
FN:47,(anonymous_2)
FN:67,(anonymous_3)
FN:88,(anonymous_4)
FN:106,(anonymous_5)
FN:132,(anonymous_6)
FN:135,(anonymous_7)
FN:139,(anonymous_8)
FNF:9
FNH:0
FNDA:0,(anonymous_0)
FNDA:0,(anonymous_1)
FNDA:0,(anonymous_2)
FNDA:0,(anonymous_3)
FNDA:0,(anonymous_4)
FNDA:0,(anonymous_5)
FNDA:0,(anonymous_6)
FNDA:0,(anonymous_7)
FNDA:0,(anonymous_8)
DA:7,1
DA:11,0
DA:13,0
DA:30,1
DA:31,0
DA:33,0
DA:47,1
DA:51,0
DA:52,0
DA:67,1
DA:71,0
DA:73,0
DA:88,1
DA:89,0
DA:90,0
DA:92,0
DA:93,0
DA:94,0
DA:95,0
DA:96,0
DA:99,0
DA:101,0
DA:102,0
DA:106,1
DA:110,0
DA:111,0
DA:112,0
DA:114,0
DA:115,0
DA:116,0
DA:118,0
DA:119,0
DA:121,0
DA:122,0
DA:123,0
DA:126,0
DA:128,0
DA:132,1
DA:133,0
DA:134,0
DA:135,0
DA:136,0
DA:137,0
DA:139,0
DA:141,0
DA:144,0
DA:147,0
DA:149,0
LF:48
LH:7
BRDA:20,0,0,0
BRDA:20,0,1,0
BRDA:26,1,0,0
BRDA:26,1,1,0
BRDA:92,2,0,0
BRDA:92,2,1,0
BRDA:122,3,0,0
BRDA:122,3,1,0
BRDA:145,4,0,0
BRDA:145,4,1,0
BRF:10
BRH:0
end_of_record
TN:
SF:/Users/alex/code/javascript/IXWebApp/src/v2/helpers/logger.ts
FN:3,(anonymous_0)
FN:5,(anonymous_1)
FNF:2
FNH:0
FNDA:0,(anonymous_0)
FNDA:0,(anonymous_1)
DA:3,0
DA:4,0
DA:6,0
DA:10,0
DA:15,0
LF:5
LH:0
BRF:0
BRH:0
end_of_record
TN:
SF:/Users/alex/code/javascript/IXWebApp/src/v2/helpers/numbers.ts
FN:1,(anonymous_0)
FN:12,(anonymous_1)
FN:15,(anonymous_2)
FNF:3
FNH:0
FNDA:0,(anonymous_0)
FNDA:0,(anonymous_1)
FNDA:0,(anonymous_2)
DA:1,14
DA:6,0
DA:7,0
DA:9,0
DA:12,14
DA:13,0
DA:15,14
DA:16,0
DA:17,0
DA:18,0
DA:19,0
DA:20,0
DA:21,0
DA:22,0
DA:23,0
DA:26,0
LF:16
LH:3
BRDA:3,0,0,0
BRDA:4,1,0,0
BRDA:6,2,0,0
BRDA:6,2,1,0
BRDA:9,3,0,0
BRDA:9,3,1,0
BRDA:17,4,0,0
BRDA:17,4,1,0
BRDA:18,5,0,0
BRDA:18,5,1,0
BRDA:19,6,0,0
BRDA:19,6,1,0
BRDA:20,7,0,0
BRDA:20,7,1,0
BRF:14
BRH:0
end_of_record
TN:
SF:/Users/alex/code/javascript/IXWebApp/src/v2/helpers/rendering.tsx
FN:5,(anonymous_0)
FN:7,(anonymous_1)
FN:21,(anonymous_2)
FNF:3
FNH:0
FNDA:0,(anonymous_0)
FNDA:0,(anonymous_1)
FNDA:0,(anonymous_2)
DA:5,6
DA:6,0
DA:14,0
DA:21,6
DA:22,0
LF:5
LH:2
BRF:0
BRH:0
end_of_record
TN:
SF:/Users/alex/code/javascript/IXWebApp/src/v2/helpers/storageHelper.ts
FN:3,(anonymous_0)
FN:7,(anonymous_1)
FN:12,(anonymous_2)
FN:17,(anonymous_3)
FN:19,(anonymous_4)
FN:21,(anonymous_5)
FN:25,(anonymous_6)
FN:33,(anonymous_7)
FNF:8
FNH:2
FNDA:0,(anonymous_0)
FNDA:22,(anonymous_1)
FNDA:0,(anonymous_2)
FNDA:22,(anonymous_3)
FNDA:0,(anonymous_4)
FNDA:0,(anonymous_5)
FNDA:0,(anonymous_6)
FNDA:0,(anonymous_7)
DA:3,52
DA:4,0
DA:7,52
DA:8,22
DA:9,22
DA:12,52
DA:13,0
DA:14,0
DA:17,52
DA:19,52
DA:21,52
DA:22,0
DA:25,52
DA:26,0
DA:28,0
DA:30,0
DA:33,52
DA:34,0
DA:35,0
DA:36,0
DA:37,0
DA:38,0
DA:39,0
DA:40,0
DA:41,0
DA:44,0
LF:26
LH:10
BRDA:9,0,0,0
BRDA:9,0,1,22
BRDA:28,1,0,0
BRDA:28,1,1,0
BRDA:35,2,0,0
BRDA:35,2,1,0
BRDA:36,3,0,0
BRDA:36,3,1,0
BRDA:37,4,0,0
BRDA:37,4,1,0
BRDA:38,5,0,0
BRDA:38,5,1,0
BRF:12
BRH:1
end_of_record
TN:
SF:/Users/alex/code/javascript/IXWebApp/src/v2/helpers/tables.ts
FN:11,(anonymous_0)
FN:14,(anonymous_1)
FN:16,(anonymous_2)
FN:18,(anonymous_3)
FN:21,(anonymous_4)
FN:29,(anonymous_5)
FN:46,(anonymous_6)
FNF:7
FNH:0
FNDA:0,(anonymous_0)
FNDA:0,(anonymous_1)
FNDA:0,(anonymous_2)
FNDA:0,(anonymous_3)
FNDA:0,(anonymous_4)
FNDA:0,(anonymous_5)
FNDA:0,(anonymous_6)
DA:11,14
DA:12,0
DA:14,14
DA:16,14
DA:18,14
DA:19,0
DA:21,14
DA:25,0
DA:29,14
DA:35,0
DA:36,0
DA:37,0
DA:38,0
DA:40,0
DA:43,0
DA:46,14
DA:56,0
DA:59,0
DA:60,0
DA:61,0
DA:63,0
DA:65,0
DA:66,0
DA:68,0
DA:71,0
LF:25
LH:7
BRDA:35,0,0,0
BRDA:35,0,1,0
BRDA:37,1,0,0
BRDA:37,1,1,0
BRDA:56,2,0,0
BRDA:56,2,1,0
BRDA:59,3,0,0
BRDA:59,3,1,0
BRDA:60,4,0,0
BRDA:60,4,1,0
BRDA:61,5,0,0
BRDA:61,5,1,0
BRDA:65,6,0,0
BRDA:65,6,1,0
BRF:14
BRH:0
end_of_record
TN:
SF:/Users/alex/code/javascript/IXWebApp/src/v2/hooks/useAPIService.ts
FNF:0
FNH:0
DA:7,16
LF:1
LH:1
BRF:0
BRH:0
end_of_record
TN:
SF:/Users/alex/code/javascript/IXWebApp/src/v2/hooks/useAppRouter.ts
FN:1,(anonymous_0)
FNF:1
FNH:0
FNDA:0,(anonymous_0)
DA:1,0
LF:1
LH:0
BRF:0
BRH:0
end_of_record
TN:
SF:/Users/alex/code/javascript/IXWebApp/src/v2/hooks/useAssetsService.ts
FNF:0
FNH:0
DA:7,5
LF:1
LH:1
BRF:0
BRH:0
end_of_record
TN:
SF:/Users/alex/code/javascript/IXWebApp/src/v2/hooks/useSnackbar.ts
FNF:0
FNH:0
DA:7,5
LF:1
LH:1
BRF:0
BRH:0
end_of_record
TN:
SF:/Users/alex/code/javascript/IXWebApp/src/v2/services/dso.ts
FN:5,saveDso
FN:25,editDso
FNF:2
FNH:0
FNDA:0,saveDso
FNDA:0,editDso
DA:9,0
DA:10,0
DA:12,0
DA:13,0
DA:14,0
DA:15,0
DA:16,0
DA:18,0
DA:21,0
DA:30,0
DA:31,0
DA:33,0
DA:34,0
DA:35,0
DA:36,0
DA:37,0
DA:39,0
DA:42,0
LF:18
LH:0
BRDA:14,0,0,0
BRDA:14,0,1,0
BRDA:35,1,0,0
BRDA:35,1,1,0
BRF:4
BRH:0
end_of_record
TN:
SF:/Users/alex/code/javascript/IXWebApp/src/v2/services/api/index.ts
FN:22,get
FN:31,(anonymous_1)
FN:49,(anonymous_2)
FN:62,(anonymous_3)
FN:71,(anonymous_4)
FN:91,(anonymous_5)
FN:103,(anonymous_6)
FN:125,(anonymous_7)
FN:129,(anonymous_8)
FN:141,(anonymous_9)
FNF:10
FNH:9
FNDA:4,get
FNDA:11,(anonymous_1)
FNDA:7,(anonymous_2)
FNDA:0,(anonymous_3)
FNDA:11,(anonymous_4)
FNDA:7,(anonymous_5)
FNDA:22,(anonymous_6)
FNDA:40,(anonymous_7)
FNDA:22,(anonymous_8)
FNDA:22,(anonymous_9)
DA:11,49
DA:17,49
DA:18,49
DA:19,49
DA:21,49
DA:23,4
DA:37,11
DA:44,11
DA:54,7
DA:63,0
DA:72,11
DA:73,11
DA:75,11
DA:76,11
DA:80,4
DA:81,4
DA:82,4
DA:84,7
DA:85,7
DA:88,11
DA:92,7
DA:94,7
DA:95,1
DA:97,6
DA:100,7
DA:109,22
DA:110,22
DA:111,22
DA:118,22
DA:119,18
DA:122,22
DA:126,40
DA:130,22
DA:132,22
DA:134,22
DA:135,17
DA:138,22
DA:142,22
LF:38
LH:37
BRDA:27,0,0,4
BRDA:27,0,1,3
BRDA:35,1,0,11
BRDA:52,2,0,6
BRDA:67,3,0,0
BRDA:67,3,1,0
BRDA:80,4,0,4
BRDA:80,4,1,2
BRDA:94,5,0,1
BRDA:94,5,1,6
BRDA:118,6,0,18
BRDA:118,6,1,4
BRDA:118,7,0,22
BRDA:118,7,1,18
BRDA:134,8,0,17
BRDA:134,8,1,5
BRDA:134,9,0,22
BRDA:134,9,1,18
BRDA:142,10,0,1
BRDA:142,10,1,21
BRF:20
BRH:18
end_of_record
TN:
SF:/Users/alex/code/javascript/IXWebApp/src/v2/services/api/types.ts
FNF:0
FNH:0
LF:0
LH:0
BRF:0
BRH:0
end_of_record
TN:
SF:/Users/alex/code/javascript/IXWebApp/src/v2/services/socket/index.ts
FN:9,(anonymous_0)
FN:13,(anonymous_1)
FN:20,(anonymous_2)
FN:29,(anonymous_3)
FN:30,(anonymous_4)
FN:41,(anonymous_5)
FN:45,(anonymous_6)
FN:49,(anonymous_7)
FN:53,(anonymous_8)
FN:57,(anonymous_9)
FNF:10
FNH:0
FNDA:0,(anonymous_0)
FNDA:0,(anonymous_1)
FNDA:0,(anonymous_2)
FNDA:0,(anonymous_3)
FNDA:0,(anonymous_4)
FNDA:0,(anonymous_5)
FNDA:0,(anonymous_6)
FNDA:0,(anonymous_7)
FNDA:0,(anonymous_8)
FNDA:0,(anonymous_9)
DA:8,44
DA:10,0
DA:14,0
DA:15,0
DA:16,0
DA:21,0
DA:22,0
DA:23,0
DA:26,0
DA:30,0
DA:31,0
DA:32,0
DA:33,0
DA:34,0
DA:38,0
DA:40,0
DA:41,0
DA:43,0
DA:45,0
DA:47,0
DA:49,0
DA:51,0
DA:53,0
DA:55,0
DA:57,0
DA:59,0
DA:63,0
LF:27
LH:1
BRDA:14,0,0,0
BRDA:14,0,1,0
BRDA:21,1,0,0
BRDA:21,1,1,0
BRDA:21,2,0,0
BRDA:21,2,1,0
BRDA:32,3,0,0
BRDA:32,3,1,0
BRDA:38,4,0,0
BRDA:38,4,1,0
BRDA:38,5,0,0
BRDA:38,5,1,0
BRF:12
BRH:0
end_of_record
TN:
SF:/Users/alex/code/javascript/IXWebApp/src/v2/services/storage/index.ts
FN:2,(anonymous_0)
FN:10,(anonymous_1)
FN:14,(anonymous_2)
FNF:3
FNH:3
FNDA:2,(anonymous_0)
FNDA:2,(anonymous_1)
FNDA:1,(anonymous_2)
DA:1,45
DA:3,2
DA:5,2
DA:6,1
DA:11,2
DA:15,1
LF:6
LH:6
BRDA:5,0,0,1
BRDA:5,0,1,1
BRF:2
BRH:2
end_of_record
TN:
SF:/Users/alex/code/javascript/IXWebApp/src/v2/stores/async-store.ts
FN:15,(anonymous_0)
FN:20,(anonymous_1)
FN:27,(anonymous_2)
FN:42,(anonymous_3)
FNF:4
FNH:4
FNDA:5,(anonymous_0)
FNDA:18,(anonymous_1)
FNDA:12,(anonymous_2)
FNDA:6,(anonymous_3)
DA:7,113
DA:10,33
DA:13,33
DA:17,5
DA:22,18
DA:23,18
DA:24,18
DA:32,12
DA:33,12
DA:34,12
DA:36,12
DA:38,0
DA:47,6
DA:48,6
DA:49,6
DA:51,6
DA:53,0
LF:17
LH:15
BRDA:30,0,0,12
BRDA:36,1,0,0
BRDA:36,1,1,12
BRDA:45,2,0,6
BRDA:51,3,0,0
BRDA:51,3,1,6
BRF:6
BRH:4
end_of_record
TN:
SF:/Users/alex/code/javascript/IXWebApp/src/v2/stores/base-store.ts
FNF:0
FNH:0
DA:6,33
LF:1
LH:1
BRF:0
BRH:0
end_of_record
TN:
SF:/Users/alex/code/javascript/IXWebApp/src/v2/types/asset.ts
FNF:0
FNH:0
LF:0
LH:0
BRF:0
BRH:0
end_of_record
TN:
SF:/Users/alex/code/javascript/IXWebApp/src/v2/types/balance.ts
FNF:0
FNH:0
LF:0
LH:0
BRF:0
BRH:0
end_of_record
TN:
SF:/Users/alex/code/javascript/IXWebApp/src/v2/types/bank.ts
FNF:0
FNH:0
LF:0
LH:0
BRF:0
BRH:0
end_of_record
TN:
SF:/Users/alex/code/javascript/IXWebApp/src/v2/types/cash-withdrawal.ts
FNF:0
FNH:0
LF:0
LH:0
BRF:0
BRH:0
end_of_record
TN:
SF:/Users/alex/code/javascript/IXWebApp/src/v2/types/cashdeposit.ts
FNF:0
FNH:0
LF:0
LH:0
BRF:0
BRH:0
end_of_record
TN:
SF:/Users/alex/code/javascript/IXWebApp/src/v2/types/commitment.ts
FNF:0
FNH:0
LF:0
LH:0
BRF:0
BRH:0
end_of_record
TN:
SF:/Users/alex/code/javascript/IXWebApp/src/v2/types/document.ts
FNF:0
FNH:0
LF:0
LH:0
BRF:0
BRH:0
end_of_record
TN:
SF:/Users/alex/code/javascript/IXWebApp/src/v2/types/ds-withdrawal.ts
FNF:0
FNH:0
LF:0
LH:0
BRF:0
BRH:0
end_of_record
TN:
SF:/Users/alex/code/javascript/IXWebApp/src/v2/types/dso.ts
FNF:0
FNH:0
DA:77,1
LF:1
LH:1
BRF:0
BRH:0
end_of_record
TN:
SF:/Users/alex/code/javascript/IXWebApp/src/v2/types/httpResponse.ts
FN:6,(anonymous_0)
FNF:1
FNH:0
FNDA:0,(anonymous_0)
DA:7,0
DA:8,0
DA:9,0
LF:3
LH:0
BRF:0
BRH:0
end_of_record
TN:
SF:/Users/alex/code/javascript/IXWebApp/src/v2/types/identity.ts
FNF:0
FNH:0
LF:0
LH:0
BRF:0
BRH:0
end_of_record
TN:
SF:/Users/alex/code/javascript/IXWebApp/src/v2/types/listing.ts
FNF:0
FNH:0
LF:0
LH:0
BRF:0
BRH:0
end_of_record
TN:
SF:/Users/alex/code/javascript/IXWebApp/src/v2/types/status.ts
FNF:0
FNH:0
LF:0
LH:0
BRF:0
BRH:0
end_of_record
TN:
SF:/Users/alex/code/javascript/IXWebApp/src/v2/types/transaction.ts
FNF:0
FNH:0
LF:0
LH:0
BRF:0
BRH:0
end_of_record
TN:
SF:/Users/alex/code/javascript/IXWebApp/src/v2/types/user.ts
FNF:0
FNH:0
LF:0
LH:0
BRF:0
BRH:0
end_of_record
TN:
SF:/Users/alex/code/javascript/IXWebApp/src/v2/types/util.ts
FNF:0
FNH:0
LF:0
LH:0
BRF:0
BRH:0
end_of_record
